{"E:\\projects\\pixel-agent-desk-master\\agentManager.js": {"path":"E:\\projects\\pixel-agent-desk-master\\agentManager.js","statementMap":{"0":{"start":{"line":7,"column":21},"end":{"line":7,"column":38}},"1":{"start":{"line":8,"column":13},"end":{"line":8,"column":28}},"2":{"start":{"line":9,"column":36},"end":{"line":9,"column":54}},"3":{"start":{"line":13,"column":4},"end":{"line":13,"column":12}},"4":{"start":{"line":14,"column":4},"end":{"line":14,"column":28}},"5":{"start":{"line":15,"column":4},"end":{"line":19,"column":6}},"6":{"start":{"line":20,"column":4},"end":{"line":20,"column":32}},"7":{"start":{"line":24,"column":4},"end":{"line":24,"column":100}},"8":{"start":{"line":24,"column":45},"end":{"line":24,"column":69}},"9":{"start":{"line":25,"column":4},"end":{"line":25,"column":42}},"10":{"start":{"line":29,"column":4},"end":{"line":32,"column":5}},"11":{"start":{"line":30,"column":6},"end":{"line":30,"column":42}},"12":{"start":{"line":31,"column":6},"end":{"line":31,"column":34}},"13":{"start":{"line":33,"column":4},"end":{"line":33,"column":24}},"14":{"start":{"line":34,"column":4},"end":{"line":34,"column":42}},"15":{"start":{"line":41,"column":20},"end":{"line":41,"column":79}},"16":{"start":{"line":42,"column":16},"end":{"line":42,"column":26}},"17":{"start":{"line":43,"column":26},"end":{"line":43,"column":50}},"18":{"start":{"line":45,"column":4},"end":{"line":48,"column":5}},"19":{"start":{"line":46,"column":6},"end":{"line":46,"column":82}},"20":{"start":{"line":47,"column":6},"end":{"line":47,"column":18}},"21":{"start":{"line":50,"column":22},"end":{"line":50,"column":64}},"22":{"start":{"line":51,"column":19},"end":{"line":51,"column":30}},"23":{"start":{"line":52,"column":4},"end":{"line":52,"column":50}},"24":{"start":{"line":52,"column":19},"end":{"line":52,"column":50}},"25":{"start":{"line":54,"column":26},"end":{"line":54,"column":77}},"26":{"start":{"line":55,"column":23},"end":{"line":55,"column":69}},"27":{"start":{"line":58,"column":22},"end":{"line":58,"column":93}},"28":{"start":{"line":58,"column":29},"end":{"line":58,"column":93}},"29":{"start":{"line":59,"column":21},"end":{"line":59,"column":63}},"30":{"start":{"line":59,"column":28},"end":{"line":59,"column":63}},"31":{"start":{"line":61,"column":4},"end":{"line":63,"column":5}},"32":{"start":{"line":62,"column":6},"end":{"line":62,"column":28}},"33":{"start":{"line":66,"column":4},"end":{"line":68,"column":5}},"34":{"start":{"line":67,"column":6},"end":{"line":67,"column":43}},"35":{"start":{"line":70,"column":22},"end":{"line":89,"column":5}},"36":{"start":{"line":91,"column":4},"end":{"line":91,"column":40}},"37":{"start":{"line":94,"column":4},"end":{"line":96,"column":5}},"38":{"start":{"line":95,"column":6},"end":{"line":95,"column":53}},"39":{"start":{"line":98,"column":4},"end":{"line":104,"column":5}},"40":{"start":{"line":99,"column":6},"end":{"line":99,"column":73}},"41":{"start":{"line":100,"column":6},"end":{"line":100,"column":88}},"42":{"start":{"line":101,"column":11},"end":{"line":104,"column":5}},"43":{"start":{"line":102,"column":6},"end":{"line":102,"column":75}},"44":{"start":{"line":103,"column":6},"end":{"line":103,"column":89}},"45":{"start":{"line":106,"column":4},"end":{"line":106,"column":21}},"46":{"start":{"line":110,"column":18},"end":{"line":110,"column":42}},"47":{"start":{"line":111,"column":4},"end":{"line":111,"column":29}},"48":{"start":{"line":111,"column":16},"end":{"line":111,"column":29}},"49":{"start":{"line":112,"column":4},"end":{"line":112,"column":32}},"50":{"start":{"line":115,"column":4},"end":{"line":117,"column":5}},"51":{"start":{"line":116,"column":6},"end":{"line":116,"column":49}},"52":{"start":{"line":119,"column":4},"end":{"line":119,"column":80}},"53":{"start":{"line":120,"column":4},"end":{"line":120,"column":64}},"54":{"start":{"line":121,"column":4},"end":{"line":121,"column":16}},"55":{"start":{"line":125,"column":4},"end":{"line":125,"column":89}},"56":{"start":{"line":125,"column":52},"end":{"line":125,"column":87}},"57":{"start":{"line":129,"column":18},"end":{"line":129,"column":42}},"58":{"start":{"line":130,"column":4},"end":{"line":130,"column":28}},"59":{"start":{"line":130,"column":16},"end":{"line":130,"column":28}},"60":{"start":{"line":133,"column":4},"end":{"line":133,"column":78}},"61":{"start":{"line":133,"column":65},"end":{"line":133,"column":78}},"62":{"start":{"line":136,"column":21},"end":{"line":136,"column":89}},"63":{"start":{"line":136,"column":66},"end":{"line":136,"column":88}},"64":{"start":{"line":137,"column":29},"end":{"line":137,"column":96}},"65":{"start":{"line":137,"column":48},"end":{"line":137,"column":95}},"66":{"start":{"line":139,"column":4},"end":{"line":141,"column":5}},"67":{"start":{"line":140,"column":6},"end":{"line":140,"column":64}},"68":{"start":{"line":143,"column":4},"end":{"line":143,"column":17}},"69":{"start":{"line":147,"column":19},"end":{"line":147,"column":44}},"70":{"start":{"line":148,"column":4},"end":{"line":148,"column":24}},"71":{"start":{"line":148,"column":17},"end":{"line":148,"column":24}},"72":{"start":{"line":150,"column":4},"end":{"line":150,"column":74}},"73":{"start":{"line":152,"column":22},"end":{"line":152,"column":62}},"74":{"start":{"line":153,"column":20},"end":{"line":153,"column":44}},"75":{"start":{"line":154,"column":26},"end":{"line":154,"column":59}},"76":{"start":{"line":157,"column":16},"end":{"line":157,"column":26}},"77":{"start":{"line":158,"column":21},"end":{"line":158,"column":23}},"78":{"start":{"line":159,"column":4},"end":{"line":163,"column":5}},"79":{"start":{"line":160,"column":6},"end":{"line":162,"column":7}},"80":{"start":{"line":161,"column":8},"end":{"line":161,"column":26}},"81":{"start":{"line":164,"column":4},"end":{"line":168,"column":5}},"82":{"start":{"line":165,"column":16},"end":{"line":165,"column":35}},"83":{"start":{"line":166,"column":6},"end":{"line":166,"column":67}},"84":{"start":{"line":167,"column":6},"end":{"line":167,"column":27}},"85":{"start":{"line":169,"column":4},"end":{"line":169,"column":85}},"86":{"start":{"line":169,"column":29},"end":{"line":169,"column":85}},"87":{"start":{"line":173,"column":4},"end":{"line":173,"column":79}},"88":{"start":{"line":173,"column":46},"end":{"line":173,"column":77}},"89":{"start":{"line":183,"column":4},"end":{"line":185,"column":5}},"90":{"start":{"line":184,"column":6},"end":{"line":184,"column":43}},"91":{"start":{"line":186,"column":4},"end":{"line":188,"column":5}},"92":{"start":{"line":187,"column":6},"end":{"line":187,"column":40}},"93":{"start":{"line":189,"column":4},"end":{"line":189,"column":19}},"94":{"start":{"line":193,"column":19},"end":{"line":193,"column":38}},"95":{"start":{"line":194,"column":19},"end":{"line":194,"column":76}},"96":{"start":{"line":195,"column":4},"end":{"line":199,"column":5}},"97":{"start":{"line":196,"column":6},"end":{"line":198,"column":7}},"98":{"start":{"line":197,"column":8},"end":{"line":197,"column":30}},"99":{"start":{"line":200,"column":4},"end":{"line":203,"column":6}},"100":{"start":{"line":207,"column":0},"end":{"line":207,"column":30}}},"fnMap":{"0":{"name":"(anonymous_0)","decl":{"start":{"line":12,"column":2},"end":{"line":12,"column":3}},"loc":{"start":{"line":12,"column":16},"end":{"line":21,"column":3}},"line":12},"1":{"name":"(anonymous_1)","decl":{"start":{"line":23,"column":2},"end":{"line":23,"column":3}},"loc":{"start":{"line":23,"column":10},"end":{"line":26,"column":3}},"line":23},"2":{"name":"(anonymous_2)","decl":{"start":{"line":24,"column":39},"end":{"line":24,"column":40}},"loc":{"start":{"line":24,"column":45},"end":{"line":24,"column":69}},"line":24},"3":{"name":"(anonymous_3)","decl":{"start":{"line":28,"column":2},"end":{"line":28,"column":3}},"loc":{"start":{"line":28,"column":9},"end":{"line":35,"column":3}},"line":28},"4":{"name":"(anonymous_4)","decl":{"start":{"line":40,"column":2},"end":{"line":40,"column":3}},"loc":{"start":{"line":40,"column":37},"end":{"line":107,"column":3}},"line":40},"5":{"name":"(anonymous_5)","decl":{"start":{"line":58,"column":22},"end":{"line":58,"column":23}},"loc":{"start":{"line":58,"column":29},"end":{"line":58,"column":93}},"line":58},"6":{"name":"(anonymous_6)","decl":{"start":{"line":59,"column":21},"end":{"line":59,"column":22}},"loc":{"start":{"line":59,"column":28},"end":{"line":59,"column":63}},"line":59},"7":{"name":"(anonymous_7)","decl":{"start":{"line":109,"column":2},"end":{"line":109,"column":3}},"loc":{"start":{"line":109,"column":23},"end":{"line":122,"column":3}},"line":109},"8":{"name":"(anonymous_8)","decl":{"start":{"line":124,"column":2},"end":{"line":124,"column":3}},"loc":{"start":{"line":124,"column":17},"end":{"line":126,"column":3}},"line":124},"9":{"name":"(anonymous_9)","decl":{"start":{"line":125,"column":46},"end":{"line":125,"column":47}},"loc":{"start":{"line":125,"column":52},"end":{"line":125,"column":87}},"line":125},"10":{"name":"(anonymous_10)","decl":{"start":{"line":128,"column":2},"end":{"line":128,"column":3}},"loc":{"start":{"line":128,"column":38},"end":{"line":144,"column":3}},"line":128},"11":{"name":"(anonymous_11)","decl":{"start":{"line":136,"column":61},"end":{"line":136,"column":62}},"loc":{"start":{"line":136,"column":66},"end":{"line":136,"column":88}},"line":136},"12":{"name":"(anonymous_12)","decl":{"start":{"line":137,"column":43},"end":{"line":137,"column":44}},"loc":{"start":{"line":137,"column":48},"end":{"line":137,"column":95}},"line":137},"13":{"name":"(anonymous_13)","decl":{"start":{"line":146,"column":2},"end":{"line":146,"column":3}},"loc":{"start":{"line":146,"column":34},"end":{"line":151,"column":3}},"line":146},"14":{"name":"(anonymous_14)","decl":{"start":{"line":152,"column":2},"end":{"line":152,"column":3}},"loc":{"start":{"line":152,"column":20},"end":{"line":152,"column":64}},"line":152},"15":{"name":"(anonymous_15)","decl":{"start":{"line":153,"column":2},"end":{"line":153,"column":3}},"loc":{"start":{"line":153,"column":18},"end":{"line":153,"column":46}},"line":153},"16":{"name":"(anonymous_16)","decl":{"start":{"line":154,"column":2},"end":{"line":154,"column":3}},"loc":{"start":{"line":154,"column":24},"end":{"line":154,"column":61}},"line":154},"17":{"name":"(anonymous_17)","decl":{"start":{"line":156,"column":2},"end":{"line":156,"column":3}},"loc":{"start":{"line":156,"column":22},"end":{"line":170,"column":3}},"line":156},"18":{"name":"(anonymous_18)","decl":{"start":{"line":172,"column":2},"end":{"line":172,"column":3}},"loc":{"start":{"line":172,"column":24},"end":{"line":174,"column":3}},"line":172},"19":{"name":"(anonymous_19)","decl":{"start":{"line":173,"column":36},"end":{"line":173,"column":37}},"loc":{"start":{"line":173,"column":46},"end":{"line":173,"column":77}},"line":173},"20":{"name":"(anonymous_20)","decl":{"start":{"line":182,"column":2},"end":{"line":182,"column":3}},"loc":{"start":{"line":182,"column":39},"end":{"line":190,"column":3}},"line":182},"21":{"name":"(anonymous_21)","decl":{"start":{"line":192,"column":2},"end":{"line":192,"column":3}},"loc":{"start":{"line":192,"column":13},"end":{"line":204,"column":3}},"line":192}},"branchMap":{"0":{"loc":{"start":{"line":29,"column":4},"end":{"line":32,"column":5}},"type":"if","locations":[{"start":{"line":29,"column":4},"end":{"line":32,"column":5}},{"start":{},"end":{}}],"line":29},"1":{"loc":{"start":{"line":40,"column":21},"end":{"line":40,"column":35}},"type":"default-arg","locations":[{"start":{"line":40,"column":30},"end":{"line":40,"column":35}}],"line":40},"2":{"loc":{"start":{"line":41,"column":20},"end":{"line":41,"column":79}},"type":"binary-expr","locations":[{"start":{"line":41,"column":20},"end":{"line":41,"column":35}},{"start":{"line":41,"column":39},"end":{"line":41,"column":52}},{"start":{"line":41,"column":56},"end":{"line":41,"column":66}},{"start":{"line":41,"column":70},"end":{"line":41,"column":79}}],"line":41},"3":{"loc":{"start":{"line":45,"column":4},"end":{"line":48,"column":5}},"type":"if","locations":[{"start":{"line":45,"column":4},"end":{"line":48,"column":5}},{"start":{},"end":{}}],"line":45},"4":{"loc":{"start":{"line":45,"column":8},"end":{"line":45,"column":67}},"type":"binary-expr","locations":[{"start":{"line":45,"column":8},"end":{"line":45,"column":22}},{"start":{"line":45,"column":26},"end":{"line":45,"column":67}}],"line":45},"5":{"loc":{"start":{"line":50,"column":22},"end":{"line":50,"column":64}},"type":"cond-expr","locations":[{"start":{"line":50,"column":38},"end":{"line":50,"column":57}},{"start":{"line":50,"column":60},"end":{"line":50,"column":64}}],"line":50},"6":{"loc":{"start":{"line":52,"column":4},"end":{"line":52,"column":50}},"type":"if","locations":[{"start":{"line":52,"column":4},"end":{"line":52,"column":50}},{"start":{},"end":{}}],"line":52},"7":{"loc":{"start":{"line":52,"column":30},"end":{"line":52,"column":49}},"type":"binary-expr","locations":[{"start":{"line":52,"column":30},"end":{"line":52,"column":39}},{"start":{"line":52,"column":43},"end":{"line":52,"column":49}}],"line":52},"8":{"loc":{"start":{"line":54,"column":26},"end":{"line":54,"column":77}},"type":"cond-expr","locations":[{"start":{"line":54,"column":42},"end":{"line":54,"column":71}},{"start":{"line":54,"column":74},"end":{"line":54,"column":77}}],"line":54},"9":{"loc":{"start":{"line":55,"column":23},"end":{"line":55,"column":69}},"type":"cond-expr","locations":[{"start":{"line":55,"column":39},"end":{"line":55,"column":65}},{"start":{"line":55,"column":68},"end":{"line":55,"column":69}}],"line":55},"10":{"loc":{"start":{"line":58,"column":29},"end":{"line":58,"column":93}},"type":"binary-expr","locations":[{"start":{"line":58,"column":29},"end":{"line":58,"column":41}},{"start":{"line":58,"column":45},"end":{"line":58,"column":57}},{"start":{"line":58,"column":61},"end":{"line":58,"column":74}},{"start":{"line":58,"column":78},"end":{"line":58,"column":93}}],"line":58},"11":{"loc":{"start":{"line":59,"column":28},"end":{"line":59,"column":63}},"type":"binary-expr","locations":[{"start":{"line":59,"column":28},"end":{"line":59,"column":43}},{"start":{"line":59,"column":47},"end":{"line":59,"column":63}}],"line":59},"12":{"loc":{"start":{"line":61,"column":4},"end":{"line":63,"column":5}},"type":"if","locations":[{"start":{"line":61,"column":4},"end":{"line":63,"column":5}},{"start":{},"end":{}}],"line":61},"13":{"loc":{"start":{"line":61,"column":8},"end":{"line":61,"column":70}},"type":"binary-expr","locations":[{"start":{"line":61,"column":8},"end":{"line":61,"column":26}},{"start":{"line":61,"column":31},"end":{"line":61,"column":51}},{"start":{"line":61,"column":55},"end":{"line":61,"column":69}}],"line":61},"14":{"loc":{"start":{"line":66,"column":4},"end":{"line":68,"column":5}},"type":"if","locations":[{"start":{"line":66,"column":4},"end":{"line":68,"column":5}},{"start":{},"end":{}}],"line":66},"15":{"loc":{"start":{"line":66,"column":8},"end":{"line":66,"column":67}},"type":"binary-expr","locations":[{"start":{"line":66,"column":8},"end":{"line":66,"column":27}},{"start":{"line":66,"column":31},"end":{"line":66,"column":44}},{"start":{"line":66,"column":48},"end":{"line":66,"column":67}}],"line":66},"16":{"loc":{"start":{"line":77,"column":17},"end":{"line":77,"column":84}},"type":"binary-expr","locations":[{"start":{"line":77,"column":17},"end":{"line":77,"column":32}},{"start":{"line":77,"column":37},"end":{"line":77,"column":83}}],"line":77},"17":{"loc":{"start":{"line":77,"column":37},"end":{"line":77,"column":83}},"type":"cond-expr","locations":[{"start":{"line":77,"column":53},"end":{"line":77,"column":76}},{"start":{"line":77,"column":79},"end":{"line":77,"column":83}}],"line":77},"18":{"loc":{"start":{"line":78,"column":18},"end":{"line":78,"column":88}},"type":"binary-expr","locations":[{"start":{"line":78,"column":18},"end":{"line":78,"column":34}},{"start":{"line":78,"column":39},"end":{"line":78,"column":87}}],"line":78},"19":{"loc":{"start":{"line":78,"column":39},"end":{"line":78,"column":87}},"type":"cond-expr","locations":[{"start":{"line":78,"column":55},"end":{"line":78,"column":79}},{"start":{"line":78,"column":82},"end":{"line":78,"column":87}}],"line":78},"20":{"loc":{"start":{"line":79,"column":18},"end":{"line":79,"column":88}},"type":"binary-expr","locations":[{"start":{"line":79,"column":18},"end":{"line":79,"column":34}},{"start":{"line":79,"column":39},"end":{"line":79,"column":87}}],"line":79},"21":{"loc":{"start":{"line":79,"column":39},"end":{"line":79,"column":87}},"type":"cond-expr","locations":[{"start":{"line":79,"column":55},"end":{"line":79,"column":79}},{"start":{"line":79,"column":82},"end":{"line":79,"column":87}}],"line":79},"22":{"loc":{"start":{"line":80,"column":16},"end":{"line":80,"column":81}},"type":"binary-expr","locations":[{"start":{"line":80,"column":16},"end":{"line":80,"column":30}},{"start":{"line":80,"column":35},"end":{"line":80,"column":80}}],"line":80},"23":{"loc":{"start":{"line":80,"column":35},"end":{"line":80,"column":80}},"type":"cond-expr","locations":[{"start":{"line":80,"column":51},"end":{"line":80,"column":73}},{"start":{"line":80,"column":76},"end":{"line":80,"column":80}}],"line":80},"24":{"loc":{"start":{"line":86,"column":17},"end":{"line":86,"column":39}},"type":"binary-expr","locations":[{"start":{"line":86,"column":17},"end":{"line":86,"column":32}},{"start":{"line":86,"column":36},"end":{"line":86,"column":39}}],"line":86},"25":{"loc":{"start":{"line":87,"column":17},"end":{"line":87,"column":62}},"type":"cond-expr","locations":[{"start":{"line":87,"column":33},"end":{"line":87,"column":56}},{"start":{"line":87,"column":59},"end":{"line":87,"column":62}}],"line":87},"26":{"loc":{"start":{"line":88,"column":19},"end":{"line":88,"column":68}},"type":"cond-expr","locations":[{"start":{"line":88,"column":35},"end":{"line":88,"column":64}},{"start":{"line":88,"column":67},"end":{"line":88,"column":68}}],"line":88},"27":{"loc":{"start":{"line":94,"column":4},"end":{"line":96,"column":5}},"type":"if","locations":[{"start":{"line":94,"column":4},"end":{"line":96,"column":5}},{"start":{},"end":{}}],"line":94},"28":{"loc":{"start":{"line":98,"column":4},"end":{"line":104,"column":5}},"type":"if","locations":[{"start":{"line":98,"column":4},"end":{"line":104,"column":5}},{"start":{"line":101,"column":11},"end":{"line":104,"column":5}}],"line":98},"29":{"loc":{"start":{"line":101,"column":11},"end":{"line":104,"column":5}},"type":"if","locations":[{"start":{"line":101,"column":11},"end":{"line":104,"column":5}},{"start":{},"end":{}}],"line":101},"30":{"loc":{"start":{"line":111,"column":4},"end":{"line":111,"column":29}},"type":"if","locations":[{"start":{"line":111,"column":4},"end":{"line":111,"column":29}},{"start":{},"end":{}}],"line":111},"31":{"loc":{"start":{"line":115,"column":4},"end":{"line":117,"column":5}},"type":"if","locations":[{"start":{"line":115,"column":4},"end":{"line":117,"column":5}},{"start":{},"end":{}}],"line":115},"32":{"loc":{"start":{"line":130,"column":4},"end":{"line":130,"column":28}},"type":"if","locations":[{"start":{"line":130,"column":4},"end":{"line":130,"column":28}},{"start":{},"end":{}}],"line":130},"33":{"loc":{"start":{"line":133,"column":4},"end":{"line":133,"column":78}},"type":"if","locations":[{"start":{"line":133,"column":4},"end":{"line":133,"column":78}},{"start":{},"end":{}}],"line":133},"34":{"loc":{"start":{"line":133,"column":8},"end":{"line":133,"column":63}},"type":"binary-expr","locations":[{"start":{"line":133,"column":8},"end":{"line":133,"column":33}},{"start":{"line":133,"column":37},"end":{"line":133,"column":63}}],"line":133},"35":{"loc":{"start":{"line":137,"column":48},"end":{"line":137,"column":95}},"type":"binary-expr","locations":[{"start":{"line":137,"column":48},"end":{"line":137,"column":69}},{"start":{"line":137,"column":73},"end":{"line":137,"column":95}}],"line":137},"36":{"loc":{"start":{"line":139,"column":4},"end":{"line":141,"column":5}},"type":"if","locations":[{"start":{"line":139,"column":4},"end":{"line":141,"column":5}},{"start":{},"end":{}}],"line":139},"37":{"loc":{"start":{"line":148,"column":4},"end":{"line":148,"column":24}},"type":"if","locations":[{"start":{"line":148,"column":4},"end":{"line":148,"column":24}},{"start":{},"end":{}}],"line":148},"38":{"loc":{"start":{"line":152,"column":29},"end":{"line":152,"column":61}},"type":"binary-expr","locations":[{"start":{"line":152,"column":29},"end":{"line":152,"column":53}},{"start":{"line":152,"column":57},"end":{"line":152,"column":61}}],"line":152},"39":{"loc":{"start":{"line":160,"column":6},"end":{"line":162,"column":7}},"type":"if","locations":[{"start":{"line":160,"column":6},"end":{"line":162,"column":7}},{"start":{},"end":{}}],"line":160},"40":{"loc":{"start":{"line":169,"column":4},"end":{"line":169,"column":85}},"type":"if","locations":[{"start":{"line":169,"column":4},"end":{"line":169,"column":85}},{"start":{},"end":{}}],"line":169},"41":{"loc":{"start":{"line":183,"column":4},"end":{"line":185,"column":5}},"type":"if","locations":[{"start":{"line":183,"column":4},"end":{"line":185,"column":5}},{"start":{},"end":{}}],"line":183},"42":{"loc":{"start":{"line":186,"column":4},"end":{"line":188,"column":5}},"type":"if","locations":[{"start":{"line":186,"column":4},"end":{"line":188,"column":5}},{"start":{},"end":{}}],"line":186},"43":{"loc":{"start":{"line":196,"column":6},"end":{"line":198,"column":7}},"type":"if","locations":[{"start":{"line":196,"column":6},"end":{"line":198,"column":7}},{"start":{},"end":{}}],"line":196}},"s":{"0":1,"1":1,"2":1,"3":27,"4":27,"5":27,"6":27,"7":27,"8":0,"9":27,"10":28,"11":27,"12":27,"13":28,"14":28,"15":36,"16":36,"17":36,"18":36,"19":1,"20":1,"21":35,"22":35,"23":35,"24":0,"25":35,"26":35,"27":35,"28":25,"29":35,"30":38,"31":35,"32":24,"33":35,"34":3,"35":35,"36":35,"37":35,"38":1,"39":35,"40":31,"41":31,"42":4,"43":3,"44":3,"45":35,"46":7,"47":7,"48":1,"49":6,"50":6,"51":0,"52":6,"53":6,"54":6,"55":5,"56":9,"57":46,"58":46,"59":0,"60":46,"61":31,"62":15,"63":25,"64":15,"65":2,"66":15,"67":2,"68":13,"69":1,"70":1,"71":0,"72":1,"73":6,"74":5,"75":0,"76":3,"77":3,"78":3,"79":4,"80":4,"81":3,"82":4,"83":4,"84":4,"85":3,"86":3,"87":1,"88":2,"89":35,"90":6,"91":29,"92":1,"93":28,"94":2,"95":2,"96":2,"97":4,"98":4,"99":2,"100":1},"f":{"0":27,"1":27,"2":0,"3":28,"4":36,"5":25,"6":38,"7":7,"8":5,"9":9,"10":46,"11":25,"12":2,"13":1,"14":6,"15":5,"16":0,"17":3,"18":1,"19":2,"20":35,"21":2},"b":{"0":[27,1],"1":[36],"2":[36,0,0,0],"3":[1,35],"4":[36,32],"5":[4,31],"6":[0,35],"7":[0,0],"8":[4,31],"9":[4,31],"10":[25,25,25,25],"11":[38,12],"12":[24,11],"13":[35,25,25],"14":[3,32],"15":[35,10,3],"16":[35,35],"17":[4,31],"18":[35,35],"19":[4,31],"20":[35,35],"21":[4,31],"22":[35,34],"23":[4,30],"24":[35,35],"25":[4,31],"26":[4,31],"27":[1,34],"28":[31,4],"29":[3,1],"30":[1,6],"31":[0,6],"32":[0,46],"33":[31,15],"34":[46,18],"35":[2,0],"36":[2,13],"37":[0,1],"38":[6,3],"39":[4,0],"40":[3,0],"41":[6,29],"42":[1,28],"43":[4,0]},"_coverageSchema":"1a1c01bbd47fc00a2c39e90264f33305004495a9","hash":"26b13952f19b31fc055a3a7caf76eec2e3fb9ba2"}
,"E:\\projects\\pixel-agent-desk-master\\errorConstants.js": {"path":"E:\\projects\\pixel-agent-desk-master\\errorConstants.js","statementMap":{"0":{"start":{"line":7,"column":22},"end":{"line":16,"column":1}},"1":{"start":{"line":19,"column":22},"end":{"line":24,"column":1}},"2":{"start":{"line":27,"column":27},"end":{"line":36,"column":1}},"3":{"start":{"line":39,"column":19},"end":{"line":49,"column":1}},"4":{"start":{"line":51,"column":0},"end":{"line":56,"column":2}}},"fnMap":{},"branchMap":{},"s":{"0":1,"1":1,"2":1,"3":1,"4":1},"f":{},"b":{},"_coverageSchema":"1a1c01bbd47fc00a2c39e90264f33305004495a9","hash":"badbeab63460adbad508500f57f69c61e8cfa005"}
,"E:\\projects\\pixel-agent-desk-master\\errorHandler.js": {"path":"E:\\projects\\pixel-agent-desk-master\\errorHandler.js","statementMap":{"0":{"start":{"line":5,"column":16},"end":{"line":5,"column":35}},"1":{"start":{"line":6,"column":13},"end":{"line":6,"column":28}},"2":{"start":{"line":7,"column":11},"end":{"line":7,"column":24}},"3":{"start":{"line":9,"column":41},"end":{"line":9,"column":68}},"4":{"start":{"line":10,"column":57},"end":{"line":10,"column":83}},"5":{"start":{"line":14,"column":4},"end":{"line":14,"column":27}},"6":{"start":{"line":15,"column":4},"end":{"line":15,"column":62}},"7":{"start":{"line":16,"column":4},"end":{"line":16,"column":31}},"8":{"start":{"line":17,"column":4},"end":{"line":17,"column":24}},"9":{"start":{"line":18,"column":4},"end":{"line":18,"column":38}},"10":{"start":{"line":19,"column":4},"end":{"line":19,"column":29}},"11":{"start":{"line":23,"column":4},"end":{"line":23,"column":29}},"12":{"start":{"line":27,"column":4},"end":{"line":34,"column":5}},"13":{"start":{"line":28,"column":6},"end":{"line":30,"column":7}},"14":{"start":{"line":29,"column":8},"end":{"line":29,"column":56}},"15":{"start":{"line":31,"column":6},"end":{"line":31,"column":27}},"16":{"start":{"line":33,"column":6},"end":{"line":33,"column":72}},"17":{"start":{"line":38,"column":22},"end":{"line":38,"column":68}},"18":{"start":{"line":39,"column":4},"end":{"line":39,"column":76}},"19":{"start":{"line":42,"column":4},"end":{"line":73,"column":5}},"20":{"start":{"line":43,"column":20},"end":{"line":50,"column":40}},"21":{"start":{"line":44,"column":21},"end":{"line":44,"column":65}},"22":{"start":{"line":45,"column":19},"end":{"line":49,"column":9}},"23":{"start":{"line":50,"column":24},"end":{"line":50,"column":39}},"24":{"start":{"line":53,"column":6},"end":{"line":59,"column":7}},"25":{"start":{"line":54,"column":8},"end":{"line":58,"column":11}},"26":{"start":{"line":55,"column":10},"end":{"line":57,"column":38}},"27":{"start":{"line":56,"column":12},"end":{"line":56,"column":34}},"28":{"start":{"line":62,"column":6},"end":{"line":70,"column":7}},"29":{"start":{"line":63,"column":23},"end":{"line":63,"column":31}},"30":{"start":{"line":64,"column":22},"end":{"line":64,"column":46}},"31":{"start":{"line":65,"column":8},"end":{"line":69,"column":9}},"32":{"start":{"line":67,"column":31},"end":{"line":67,"column":77}},"33":{"start":{"line":68,"column":10},"end":{"line":68,"column":85}},"34":{"start":{"line":72,"column":6},"end":{"line":72,"column":64}},"35":{"start":{"line":83,"column":4},"end":{"line":111,"column":5}},"36":{"start":{"line":84,"column":27},"end":{"line":84,"column":57}},"37":{"start":{"line":87,"column":23},"end":{"line":87,"column":69}},"38":{"start":{"line":88,"column":6},"end":{"line":90,"column":7}},"39":{"start":{"line":89,"column":8},"end":{"line":89,"column":28}},"40":{"start":{"line":91,"column":6},"end":{"line":91,"column":42}},"41":{"start":{"line":94,"column":6},"end":{"line":96,"column":15}},"42":{"start":{"line":95,"column":8},"end":{"line":95,"column":47}},"43":{"start":{"line":99,"column":6},"end":{"line":99,"column":35}},"44":{"start":{"line":102,"column":6},"end":{"line":102,"column":40}},"45":{"start":{"line":105,"column":6},"end":{"line":105,"column":24}},"46":{"start":{"line":107,"column":6},"end":{"line":107,"column":26}},"47":{"start":{"line":109,"column":6},"end":{"line":109,"column":66}},"48":{"start":{"line":110,"column":6},"end":{"line":110,"column":44}},"49":{"start":{"line":118,"column":22},"end":{"line":118,"column":44}},"50":{"start":{"line":119,"column":24},"end":{"line":119,"column":56}},"51":{"start":{"line":121,"column":4},"end":{"line":134,"column":6}},"52":{"start":{"line":141,"column":4},"end":{"line":141,"column":74}},"53":{"start":{"line":148,"column":4},"end":{"line":148,"column":37}},"54":{"start":{"line":148,"column":30},"end":{"line":148,"column":37}},"55":{"start":{"line":150,"column":4},"end":{"line":165,"column":5}},"56":{"start":{"line":151,"column":23},"end":{"line":159,"column":7}},"57":{"start":{"line":161,"column":22},"end":{"line":161,"column":53}},"58":{"start":{"line":162,"column":6},"end":{"line":162,"column":62}},"59":{"start":{"line":164,"column":6},"end":{"line":164,"column":62}},"60":{"start":{"line":172,"column":4},"end":{"line":174,"column":5}},"61":{"start":{"line":173,"column":6},"end":{"line":173,"column":13}},"62":{"start":{"line":176,"column":4},"end":{"line":180,"column":5}},"63":{"start":{"line":177,"column":6},"end":{"line":177,"column":71}},"64":{"start":{"line":179,"column":6},"end":{"line":179,"column":69}},"65":{"start":{"line":187,"column":4},"end":{"line":187,"column":24}},"66":{"start":{"line":194,"column":4},"end":{"line":196,"column":5}},"67":{"start":{"line":195,"column":6},"end":{"line":195,"column":26}},"68":{"start":{"line":198,"column":4},"end":{"line":213,"column":5}},"69":{"start":{"line":199,"column":22},"end":{"line":199,"column":66}},"70":{"start":{"line":200,"column":20},"end":{"line":200,"column":46}},"71":{"start":{"line":201,"column":26},"end":{"line":201,"column":48}},"72":{"start":{"line":203,"column":6},"end":{"line":210,"column":20}},"73":{"start":{"line":204,"column":8},"end":{"line":209,"column":9}},"74":{"start":{"line":205,"column":25},"end":{"line":205,"column":41}},"75":{"start":{"line":206,"column":10},"end":{"line":206,"column":76}},"76":{"start":{"line":208,"column":10},"end":{"line":208,"column":22}},"77":{"start":{"line":212,"column":6},"end":{"line":212,"column":38}},"78":{"start":{"line":220,"column":4},"end":{"line":220,"column":31}},"79":{"start":{"line":225,"column":21},"end":{"line":225,"column":39}},"80":{"start":{"line":227,"column":0},"end":{"line":227,"column":30}}},"fnMap":{"0":{"name":"(anonymous_0)","decl":{"start":{"line":13,"column":2},"end":{"line":13,"column":3}},"loc":{"start":{"line":13,"column":16},"end":{"line":20,"column":3}},"line":13},"1":{"name":"(anonymous_1)","decl":{"start":{"line":22,"column":2},"end":{"line":22,"column":3}},"loc":{"start":{"line":22,"column":24},"end":{"line":24,"column":3}},"line":22},"2":{"name":"(anonymous_2)","decl":{"start":{"line":26,"column":2},"end":{"line":26,"column":3}},"loc":{"start":{"line":26,"column":22},"end":{"line":35,"column":3}},"line":26},"3":{"name":"(anonymous_3)","decl":{"start":{"line":37,"column":2},"end":{"line":37,"column":3}},"loc":{"start":{"line":37,"column":18},"end":{"line":74,"column":3}},"line":37},"4":{"name":"(anonymous_4)","decl":{"start":{"line":44,"column":16},"end":{"line":44,"column":17}},"loc":{"start":{"line":44,"column":21},"end":{"line":44,"column":65}},"line":44},"5":{"name":"(anonymous_5)","decl":{"start":{"line":45,"column":13},"end":{"line":45,"column":14}},"loc":{"start":{"line":45,"column":19},"end":{"line":49,"column":9}},"line":45},"6":{"name":"(anonymous_6)","decl":{"start":{"line":50,"column":14},"end":{"line":50,"column":15}},"loc":{"start":{"line":50,"column":24},"end":{"line":50,"column":39}},"line":50},"7":{"name":"(anonymous_7)","decl":{"start":{"line":54,"column":31},"end":{"line":54,"column":32}},"loc":{"start":{"line":54,"column":36},"end":{"line":58,"column":9}},"line":54},"8":{"name":"(anonymous_8)","decl":{"start":{"line":82,"column":2},"end":{"line":82,"column":3}},"loc":{"start":{"line":82,"column":31},"end":{"line":112,"column":3}},"line":82},"9":{"name":"(anonymous_9)","decl":{"start":{"line":94,"column":17},"end":{"line":94,"column":18}},"loc":{"start":{"line":94,"column":23},"end":{"line":96,"column":7}},"line":94},"10":{"name":"(anonymous_10)","decl":{"start":{"line":117,"column":2},"end":{"line":117,"column":3}},"loc":{"start":{"line":117,"column":28},"end":{"line":135,"column":3}},"line":117},"11":{"name":"(anonymous_11)","decl":{"start":{"line":140,"column":2},"end":{"line":140,"column":3}},"loc":{"start":{"line":140,"column":15},"end":{"line":142,"column":3}},"line":140},"12":{"name":"(anonymous_12)","decl":{"start":{"line":147,"column":2},"end":{"line":147,"column":3}},"loc":{"start":{"line":147,"column":26},"end":{"line":166,"column":3}},"line":147},"13":{"name":"(anonymous_13)","decl":{"start":{"line":171,"column":2},"end":{"line":171,"column":3}},"loc":{"start":{"line":171,"column":31},"end":{"line":181,"column":3}},"line":171},"14":{"name":"(anonymous_14)","decl":{"start":{"line":186,"column":2},"end":{"line":186,"column":3}},"loc":{"start":{"line":186,"column":20},"end":{"line":188,"column":3}},"line":186},"15":{"name":"(anonymous_15)","decl":{"start":{"line":193,"column":2},"end":{"line":193,"column":3}},"loc":{"start":{"line":193,"column":33},"end":{"line":214,"column":3}},"line":193},"16":{"name":"(anonymous_16)","decl":{"start":{"line":203,"column":29},"end":{"line":203,"column":30}},"loc":{"start":{"line":203,"column":37},"end":{"line":210,"column":7}},"line":203},"17":{"name":"(anonymous_17)","decl":{"start":{"line":219,"column":2},"end":{"line":219,"column":3}},"loc":{"start":{"line":219,"column":19},"end":{"line":221,"column":3}},"line":219}},"branchMap":{"0":{"loc":{"start":{"line":28,"column":6},"end":{"line":30,"column":7}},"type":"if","locations":[{"start":{"line":28,"column":6},"end":{"line":30,"column":7}},{"start":{},"end":{}}],"line":28},"1":{"loc":{"start":{"line":44,"column":21},"end":{"line":44,"column":65}},"type":"binary-expr","locations":[{"start":{"line":44,"column":21},"end":{"line":44,"column":43}},{"start":{"line":44,"column":47},"end":{"line":44,"column":65}}],"line":44},"2":{"loc":{"start":{"line":53,"column":6},"end":{"line":59,"column":7}},"type":"if","locations":[{"start":{"line":53,"column":6},"end":{"line":59,"column":7}},{"start":{},"end":{}}],"line":53},"3":{"loc":{"start":{"line":62,"column":6},"end":{"line":70,"column":7}},"type":"if","locations":[{"start":{"line":62,"column":6},"end":{"line":70,"column":7}},{"start":{},"end":{}}],"line":62},"4":{"loc":{"start":{"line":65,"column":8},"end":{"line":69,"column":9}},"type":"if","locations":[{"start":{"line":65,"column":8},"end":{"line":69,"column":9}},{"start":{},"end":{}}],"line":65},"5":{"loc":{"start":{"line":82,"column":17},"end":{"line":82,"column":29}},"type":"default-arg","locations":[{"start":{"line":82,"column":27},"end":{"line":82,"column":29}}],"line":82},"6":{"loc":{"start":{"line":88,"column":6},"end":{"line":90,"column":7}},"type":"if","locations":[{"start":{"line":88,"column":6},"end":{"line":90,"column":7}},{"start":{},"end":{}}],"line":88},"7":{"loc":{"start":{"line":118,"column":22},"end":{"line":118,"column":44}},"type":"binary-expr","locations":[{"start":{"line":118,"column":22},"end":{"line":118,"column":34}},{"start":{"line":118,"column":38},"end":{"line":118,"column":44}}],"line":118},"8":{"loc":{"start":{"line":125,"column":12},"end":{"line":125,"column":57}},"type":"binary-expr","locations":[{"start":{"line":125,"column":12},"end":{"line":125,"column":23}},{"start":{"line":125,"column":27},"end":{"line":125,"column":39}},{"start":{"line":125,"column":43},"end":{"line":125,"column":57}}],"line":125},"9":{"loc":{"start":{"line":126,"column":15},"end":{"line":126,"column":88}},"type":"binary-expr","locations":[{"start":{"line":126,"column":15},"end":{"line":126,"column":29}},{"start":{"line":126,"column":33},"end":{"line":126,"column":48}},{"start":{"line":126,"column":52},"end":{"line":126,"column":69}},{"start":{"line":126,"column":73},"end":{"line":126,"column":88}}],"line":126},"10":{"loc":{"start":{"line":127,"column":19},"end":{"line":127,"column":82}},"type":"binary-expr","locations":[{"start":{"line":127,"column":19},"end":{"line":127,"column":36}},{"start":{"line":127,"column":40},"end":{"line":127,"column":63}},{"start":{"line":127,"column":67},"end":{"line":127,"column":82}}],"line":127},"11":{"loc":{"start":{"line":128,"column":19},"end":{"line":128,"column":70}},"type":"binary-expr","locations":[{"start":{"line":128,"column":19},"end":{"line":128,"column":37}},{"start":{"line":128,"column":41},"end":{"line":128,"column":64}},{"start":{"line":128,"column":68},"end":{"line":128,"column":70}}],"line":128},"12":{"loc":{"start":{"line":129,"column":16},"end":{"line":129,"column":55}},"type":"binary-expr","locations":[{"start":{"line":129,"column":16},"end":{"line":129,"column":32}},{"start":{"line":129,"column":36},"end":{"line":129,"column":55}}],"line":129},"13":{"loc":{"start":{"line":130,"column":16},"end":{"line":130,"column":57}},"type":"binary-expr","locations":[{"start":{"line":130,"column":16},"end":{"line":130,"column":32}},{"start":{"line":130,"column":36},"end":{"line":130,"column":57}}],"line":130},"14":{"loc":{"start":{"line":131,"column":13},"end":{"line":131,"column":31}},"type":"binary-expr","locations":[{"start":{"line":131,"column":13},"end":{"line":131,"column":25}},{"start":{"line":131,"column":29},"end":{"line":131,"column":31}}],"line":131},"15":{"loc":{"start":{"line":132,"column":16},"end":{"line":132,"column":42}},"type":"binary-expr","locations":[{"start":{"line":132,"column":16},"end":{"line":132,"column":36}},{"start":{"line":132,"column":40},"end":{"line":132,"column":42}}],"line":132},"16":{"loc":{"start":{"line":148,"column":4},"end":{"line":148,"column":37}},"type":"if","locations":[{"start":{"line":148,"column":4},"end":{"line":148,"column":37}},{"start":{},"end":{}}],"line":148},"17":{"loc":{"start":{"line":172,"column":4},"end":{"line":174,"column":5}},"type":"if","locations":[{"start":{"line":172,"column":4},"end":{"line":174,"column":5}},{"start":{},"end":{}}],"line":172},"18":{"loc":{"start":{"line":172,"column":8},"end":{"line":172,"column":57}},"type":"binary-expr","locations":[{"start":{"line":172,"column":8},"end":{"line":172,"column":24}},{"start":{"line":172,"column":28},"end":{"line":172,"column":57}}],"line":172},"19":{"loc":{"start":{"line":193,"column":17},"end":{"line":193,"column":31}},"type":"default-arg","locations":[{"start":{"line":193,"column":28},"end":{"line":193,"column":31}}],"line":193},"20":{"loc":{"start":{"line":194,"column":4},"end":{"line":196,"column":5}},"type":"if","locations":[{"start":{"line":194,"column":4},"end":{"line":196,"column":5}},{"start":{},"end":{}}],"line":194},"21":{"loc":{"start":{"line":194,"column":8},"end":{"line":194,"column":67}},"type":"binary-expr","locations":[{"start":{"line":194,"column":8},"end":{"line":194,"column":28}},{"start":{"line":194,"column":32},"end":{"line":194,"column":67}}],"line":194}},"s":{"0":1,"1":1,"2":1,"3":1,"4":1,"5":1,"6":1,"7":1,"8":1,"9":1,"10":1,"11":4,"12":1,"13":1,"14":1,"15":1,"16":0,"17":3,"18":3,"19":3,"20":3,"21":0,"22":0,"23":0,"24":1,"25":0,"26":0,"27":0,"28":1,"29":0,"30":0,"31":0,"32":0,"33":0,"34":2,"35":15,"36":15,"37":15,"38":15,"39":7,"40":8,"41":8,"42":0,"43":8,"44":8,"45":8,"46":8,"47":0,"48":0,"49":20,"50":20,"51":20,"52":20,"53":9,"54":0,"55":9,"56":9,"57":9,"58":9,"59":0,"60":11,"61":10,"62":1,"63":1,"64":0,"65":1,"66":3,"67":1,"68":2,"69":2,"70":1,"71":1,"72":1,"73":2,"74":2,"75":2,"76":0,"77":1,"78":1,"79":1,"80":1},"f":{"0":1,"1":4,"2":1,"3":3,"4":0,"5":0,"6":0,"7":0,"8":15,"9":0,"10":20,"11":20,"12":9,"13":11,"14":1,"15":3,"16":2,"17":1},"b":{"0":[1,0],"1":[0,0],"2":[0,1],"3":[0,1],"4":[0,0],"5":[0],"6":[7,8],"7":[20,3],"8":[20,0,0],"9":[20,0,0,0],"10":[20,0,0],"11":[20,0,0],"12":[20,18],"13":[20,19],"14":[20,0],"15":[20,0],"16":[0,9],"17":[10,1],"18":[11,2],"19":[2],"20":[1,2],"21":[3,3]},"_coverageSchema":"1a1c01bbd47fc00a2c39e90264f33305004495a9","hash":"df43b04592660effe71fc75503f1528137d50612"}
,"E:\\projects\\pixel-agent-desk-master\\errorMessages.js": {"path":"E:\\projects\\pixel-agent-desk-master\\errorMessages.js","statementMap":{"0":{"start":{"line":6,"column":22},"end":{"line":59,"column":1}},"1":{"start":{"line":62,"column":26},"end":{"line":135,"column":1}},"2":{"start":{"line":141,"column":2},"end":{"line":141,"column":67}},"3":{"start":{"line":148,"column":2},"end":{"line":148,"column":62}},"4":{"start":{"line":151,"column":0},"end":{"line":156,"column":2}}},"fnMap":{"0":{"name":"getMessageByErrorCode","decl":{"start":{"line":140,"column":9},"end":{"line":140,"column":30}},"loc":{"start":{"line":140,"column":42},"end":{"line":142,"column":1}},"line":140},"1":{"name":"getMessageByErrorName","decl":{"start":{"line":147,"column":9},"end":{"line":147,"column":30}},"loc":{"start":{"line":147,"column":42},"end":{"line":149,"column":1}},"line":147}},"branchMap":{"0":{"loc":{"start":{"line":141,"column":9},"end":{"line":141,"column":66}},"type":"binary-expr","locations":[{"start":{"line":141,"column":9},"end":{"line":141,"column":37}},{"start":{"line":141,"column":41},"end":{"line":141,"column":66}}],"line":141},"1":{"loc":{"start":{"line":148,"column":9},"end":{"line":148,"column":61}},"type":"binary-expr","locations":[{"start":{"line":148,"column":9},"end":{"line":148,"column":33}},{"start":{"line":148,"column":37},"end":{"line":148,"column":61}}],"line":148}},"s":{"0":1,"1":1,"2":20,"3":0,"4":1},"f":{"0":20,"1":0},"b":{"0":[20,3],"1":[0,0]},"_coverageSchema":"1a1c01bbd47fc00a2c39e90264f33305004495a9","hash":"89a9ab4033eccad2c2b968e035d9a01e4f0961a1"}
,"E:\\projects\\pixel-agent-desk-master\\hook.js": {"path":"E:\\projects\\pixel-agent-desk-master\\hook.js","statementMap":{"0":{"start":{"line":6,"column":13},"end":{"line":6,"column":28}},"1":{"start":{"line":7,"column":11},"end":{"line":7,"column":24}},"2":{"start":{"line":8,"column":13},"end":{"line":8,"column":28}},"3":{"start":{"line":9,"column":11},"end":{"line":9,"column":24}},"4":{"start":{"line":10,"column":13},"end":{"line":10,"column":18}},"5":{"start":{"line":12,"column":15},"end":{"line":12,"column":17}},"6":{"start":{"line":13,"column":0},"end":{"line":13,"column":46}},"7":{"start":{"line":13,"column":30},"end":{"line":13,"column":44}},"8":{"start":{"line":14,"column":0},"end":{"line":46,"column":3}},"9":{"start":{"line":15,"column":4},"end":{"line":45,"column":5}},"10":{"start":{"line":16,"column":21},"end":{"line":16,"column":65}},"11":{"start":{"line":18,"column":8},"end":{"line":18,"column":33}},"12":{"start":{"line":19,"column":8},"end":{"line":19,"column":37}},"13":{"start":{"line":22,"column":8},"end":{"line":26,"column":23}},"14":{"start":{"line":23,"column":24},"end":{"line":23,"column":68}},"15":{"start":{"line":24,"column":12},"end":{"line":24,"column":76}},"16":{"start":{"line":24,"column":37},"end":{"line":24,"column":76}},"17":{"start":{"line":25,"column":12},"end":{"line":25,"column":99}},"18":{"start":{"line":28,"column":21},"end":{"line":28,"column":63}},"19":{"start":{"line":31,"column":20},"end":{"line":37,"column":33}},"20":{"start":{"line":37,"column":17},"end":{"line":37,"column":32}},"21":{"start":{"line":39,"column":8},"end":{"line":39,"column":47}},"22":{"start":{"line":39,"column":30},"end":{"line":39,"column":45}},"23":{"start":{"line":40,"column":8},"end":{"line":40,"column":72}},"24":{"start":{"line":40,"column":37},"end":{"line":40,"column":51}},"25":{"start":{"line":40,"column":52},"end":{"line":40,"column":68}},"26":{"start":{"line":41,"column":8},"end":{"line":41,"column":24}},"27":{"start":{"line":42,"column":8},"end":{"line":42,"column":18}},"28":{"start":{"line":44,"column":8},"end":{"line":44,"column":24}}},"fnMap":{"0":{"name":"(anonymous_0)","decl":{"start":{"line":13,"column":25},"end":{"line":13,"column":26}},"loc":{"start":{"line":13,"column":30},"end":{"line":13,"column":44}},"line":13},"1":{"name":"(anonymous_1)","decl":{"start":{"line":14,"column":24},"end":{"line":14,"column":25}},"loc":{"start":{"line":14,"column":30},"end":{"line":46,"column":1}},"line":14},"2":{"name":"(anonymous_2)","decl":{"start":{"line":37,"column":11},"end":{"line":37,"column":12}},"loc":{"start":{"line":37,"column":17},"end":{"line":37,"column":32}},"line":37},"3":{"name":"(anonymous_3)","decl":{"start":{"line":39,"column":24},"end":{"line":39,"column":25}},"loc":{"start":{"line":39,"column":30},"end":{"line":39,"column":45}},"line":39},"4":{"name":"(anonymous_4)","decl":{"start":{"line":40,"column":29},"end":{"line":40,"column":30}},"loc":{"start":{"line":40,"column":35},"end":{"line":40,"column":70}},"line":40}},"branchMap":{"0":{"loc":{"start":{"line":24,"column":12},"end":{"line":24,"column":76}},"type":"if","locations":[{"start":{"line":24,"column":12},"end":{"line":24,"column":76}},{"start":{},"end":{}}],"line":24}},"s":{"0":0,"1":0,"2":0,"3":0,"4":0,"5":0,"6":0,"7":0,"8":0,"9":0,"10":0,"11":0,"12":0,"13":0,"14":0,"15":0,"16":0,"17":0,"18":0,"19":0,"20":0,"21":0,"22":0,"23":0,"24":0,"25":0,"26":0,"27":0,"28":0},"f":{"0":0,"1":0,"2":0,"3":0,"4":0},"b":{"0":[0,0]}}
,"E:\\projects\\pixel-agent-desk-master\\jest.config.js": {"path":"E:\\projects\\pixel-agent-desk-master\\jest.config.js","statementMap":{"0":{"start":{"line":1,"column":0},"end":{"line":26,"column":2}}},"fnMap":{},"branchMap":{},"s":{"0":0},"f":{},"b":{}}
,"E:\\projects\\pixel-agent-desk-master\\main.js": {"path":"E:\\projects\\pixel-agent-desk-master\\main.js","statementMap":{"0":{"start":{"line":1,"column":48},"end":{"line":1,"column":67}},"1":{"start":{"line":2,"column":13},"end":{"line":2,"column":28}},"2":{"start":{"line":3,"column":11},"end":{"line":3,"column":24}},"3":{"start":{"line":4,"column":11},"end":{"line":4,"column":24}},"4":{"start":{"line":5,"column":21},"end":{"line":5,"column":46}},"5":{"start":{"line":6,"column":39},"end":{"line":6,"column":73}},"6":{"start":{"line":7,"column":21},"end":{"line":7,"column":46}},"7":{"start":{"line":10,"column":17},"end":{"line":15,"column":1}},"8":{"start":{"line":11,"column":20},"end":{"line":11,"column":44}},"9":{"start":{"line":12,"column":17},"end":{"line":12,"column":42}},"10":{"start":{"line":13,"column":2},"end":{"line":13,"column":63}},"11":{"start":{"line":14,"column":2},"end":{"line":14,"column":19}},"12":{"start":{"line":18,"column":19},"end":{"line":18,"column":23}},"13":{"start":{"line":19,"column":24},"end":{"line":19,"column":28}},"14":{"start":{"line":25,"column":14},"end":{"line":25,"column":15}},"15":{"start":{"line":26,"column":15},"end":{"line":26,"column":17}},"16":{"start":{"line":27,"column":2},"end":{"line":32,"column":3}},"17":{"start":{"line":28,"column":4},"end":{"line":28,"column":27}},"18":{"start":{"line":29,"column":4},"end":{"line":29,"column":26}},"19":{"start":{"line":31,"column":4},"end":{"line":31,"column":31}},"20":{"start":{"line":34,"column":2},"end":{"line":34,"column":53}},"21":{"start":{"line":34,"column":18},"end":{"line":34,"column":53}},"22":{"start":{"line":36,"column":17},"end":{"line":36,"column":19}},"23":{"start":{"line":37,"column":14},"end":{"line":37,"column":16}},"24":{"start":{"line":38,"column":16},"end":{"line":38,"column":24}},"25":{"start":{"line":39,"column":16},"end":{"line":39,"column":19}},"26":{"start":{"line":40,"column":17},"end":{"line":40,"column":20}},"27":{"start":{"line":41,"column":18},"end":{"line":41,"column":20}},"28":{"start":{"line":43,"column":2},"end":{"line":75,"column":3}},"29":{"start":{"line":44,"column":19},"end":{"line":44,"column":21}},"30":{"start":{"line":45,"column":4},"end":{"line":49,"column":7}},"31":{"start":{"line":46,"column":16},"end":{"line":46,"column":42}},"32":{"start":{"line":47,"column":6},"end":{"line":47,"column":37}},"33":{"start":{"line":47,"column":22},"end":{"line":47,"column":37}},"34":{"start":{"line":48,"column":6},"end":{"line":48,"column":24}},"35":{"start":{"line":51,"column":19},"end":{"line":51,"column":20}},"36":{"start":{"line":52,"column":20},"end":{"line":52,"column":21}},"37":{"start":{"line":53,"column":23},"end":{"line":53,"column":24}},"38":{"start":{"line":55,"column":4},"end":{"line":63,"column":5}},"39":{"start":{"line":56,"column":21},"end":{"line":56,"column":66}},"40":{"start":{"line":56,"column":37},"end":{"line":56,"column":65}},"41":{"start":{"line":57,"column":6},"end":{"line":62,"column":7}},"42":{"start":{"line":58,"column":8},"end":{"line":58,"column":54}},"43":{"start":{"line":59,"column":8},"end":{"line":59,"column":79}},"44":{"start":{"line":61,"column":8},"end":{"line":61,"column":34}},"45":{"start":{"line":65,"column":21},"end":{"line":65,"column":51}},"46":{"start":{"line":66,"column":4},"end":{"line":68,"column":5}},"47":{"start":{"line":67,"column":6},"end":{"line":67,"column":74}},"48":{"start":{"line":70,"column":22},"end":{"line":70,"column":41}},"49":{"start":{"line":71,"column":18},"end":{"line":71,"column":89}},"50":{"start":{"line":72,"column":19},"end":{"line":72,"column":80}},"51":{"start":{"line":74,"column":4},"end":{"line":74,"column":29}},"52":{"start":{"line":78,"column":15},"end":{"line":78,"column":39}},"53":{"start":{"line":79,"column":15},"end":{"line":79,"column":41}},"54":{"start":{"line":81,"column":16},"end":{"line":81,"column":71}},"55":{"start":{"line":82,"column":17},"end":{"line":82,"column":44}},"56":{"start":{"line":84,"column":2},"end":{"line":84,"column":27}},"57":{"start":{"line":88,"column":2},"end":{"line":88,"column":54}},"58":{"start":{"line":88,"column":47},"end":{"line":88,"column":54}},"59":{"start":{"line":89,"column":20},"end":{"line":89,"column":57}},"60":{"start":{"line":90,"column":17},"end":{"line":90,"column":39}},"61":{"start":{"line":92,"column":2},"end":{"line":94,"column":3}},"62":{"start":{"line":93,"column":4},"end":{"line":93,"column":54}},"63":{"start":{"line":95,"column":15},"end":{"line":95,"column":82}},"64":{"start":{"line":96,"column":2},"end":{"line":96,"column":78}},"65":{"start":{"line":102,"column":0},"end":{"line":125,"column":3}},"66":{"start":{"line":103,"column":2},"end":{"line":124,"column":3}},"67":{"start":{"line":104,"column":33},"end":{"line":104,"column":55}},"68":{"start":{"line":108,"column":21},"end":{"line":108,"column":83}},"69":{"start":{"line":109,"column":22},"end":{"line":109,"column":87}},"70":{"start":{"line":111,"column":4},"end":{"line":111,"column":59}},"71":{"start":{"line":111,"column":52},"end":{"line":111,"column":59}},"72":{"start":{"line":114,"column":23},"end":{"line":114,"column":41}},"73":{"start":{"line":115,"column":17},"end":{"line":115,"column":44}},"74":{"start":{"line":117,"column":4},"end":{"line":121,"column":7}},"75":{"start":{"line":123,"column":4},"end":{"line":123,"column":74}},"76":{"start":{"line":128,"column":28},"end":{"line":128,"column":67}},"77":{"start":{"line":129,"column":18},"end":{"line":129,"column":43}},"78":{"start":{"line":131,"column":2},"end":{"line":150,"column":5}},"79":{"start":{"line":152,"column":2},"end":{"line":152,"column":36}},"80":{"start":{"line":155,"column":2},"end":{"line":155,"column":41}},"81":{"start":{"line":157,"column":2},"end":{"line":160,"column":5}},"82":{"start":{"line":158,"column":4},"end":{"line":158,"column":22}},"83":{"start":{"line":159,"column":4},"end":{"line":159,"column":52}},"84":{"start":{"line":163,"column":2},"end":{"line":163,"column":19}},"85":{"start":{"line":167,"column":2},"end":{"line":167,"column":32}},"86":{"start":{"line":167,"column":25},"end":{"line":167,"column":32}},"87":{"start":{"line":168,"column":2},"end":{"line":172,"column":10}},"88":{"start":{"line":169,"column":4},"end":{"line":171,"column":5}},"89":{"start":{"line":170,"column":6},"end":{"line":170,"column":54}},"90":{"start":{"line":173,"column":2},"end":{"line":173,"column":49}},"91":{"start":{"line":177,"column":2},"end":{"line":181,"column":3}},"92":{"start":{"line":178,"column":4},"end":{"line":178,"column":37}},"93":{"start":{"line":179,"column":4},"end":{"line":179,"column":29}},"94":{"start":{"line":180,"column":4},"end":{"line":180,"column":51}},"95":{"start":{"line":187,"column":27},"end":{"line":187,"column":31}},"96":{"start":{"line":188,"column":30},"end":{"line":188,"column":34}},"97":{"start":{"line":191,"column":17},"end":{"line":191,"column":34}},"98":{"start":{"line":192,"column":2},"end":{"line":192,"column":48}},"99":{"start":{"line":196,"column":2},"end":{"line":200,"column":3}},"100":{"start":{"line":197,"column":4},"end":{"line":197,"column":79}},"101":{"start":{"line":198,"column":4},"end":{"line":198,"column":33}},"102":{"start":{"line":199,"column":4},"end":{"line":199,"column":48}},"103":{"start":{"line":202,"column":2},"end":{"line":265,"column":3}},"104":{"start":{"line":204,"column":4},"end":{"line":204,"column":50}},"105":{"start":{"line":205,"column":4},"end":{"line":205,"column":97}},"106":{"start":{"line":208,"column":19},"end":{"line":208,"column":66}},"107":{"start":{"line":209,"column":26},"end":{"line":209,"column":80}},"108":{"start":{"line":209,"column":46},"end":{"line":209,"column":79}},"109":{"start":{"line":210,"column":27},"end":{"line":210,"column":76}},"110":{"start":{"line":214,"column":16},"end":{"line":214,"column":121}},"111":{"start":{"line":217,"column":30},"end":{"line":217,"column":69}},"112":{"start":{"line":220,"column":4},"end":{"line":233,"column":7}},"113":{"start":{"line":236,"column":4},"end":{"line":238,"column":7}},"114":{"start":{"line":237,"column":6},"end":{"line":237,"column":62}},"115":{"start":{"line":241,"column":4},"end":{"line":246,"column":7}},"116":{"start":{"line":242,"column":6},"end":{"line":242,"column":86}},"117":{"start":{"line":243,"column":6},"end":{"line":243,"column":37}},"118":{"start":{"line":244,"column":6},"end":{"line":244,"column":34}},"119":{"start":{"line":245,"column":6},"end":{"line":245,"column":37}},"120":{"start":{"line":249,"column":4},"end":{"line":253,"column":7}},"121":{"start":{"line":250,"column":6},"end":{"line":250,"column":49}},"122":{"start":{"line":251,"column":6},"end":{"line":251,"column":34}},"123":{"start":{"line":252,"column":6},"end":{"line":252,"column":37}},"124":{"start":{"line":255,"column":4},"end":{"line":255,"column":38}},"125":{"start":{"line":256,"column":4},"end":{"line":256,"column":64}},"126":{"start":{"line":258,"column":4},"end":{"line":258,"column":29}},"127":{"start":{"line":261,"column":4},"end":{"line":261,"column":75}},"128":{"start":{"line":262,"column":4},"end":{"line":262,"column":32}},"129":{"start":{"line":263,"column":4},"end":{"line":263,"column":35}},"130":{"start":{"line":264,"column":4},"end":{"line":264,"column":52}},"131":{"start":{"line":269,"column":2},"end":{"line":272,"column":3}},"132":{"start":{"line":270,"column":4},"end":{"line":270,"column":33}},"133":{"start":{"line":271,"column":4},"end":{"line":271,"column":58}},"134":{"start":{"line":273,"column":2},"end":{"line":273,"column":30}},"135":{"start":{"line":274,"column":2},"end":{"line":274,"column":33}},"136":{"start":{"line":281,"column":0},"end":{"line":281,"column":34}},"137":{"start":{"line":282,"column":0},"end":{"line":282,"column":54}},"138":{"start":{"line":283,"column":0},"end":{"line":283,"column":63}},"139":{"start":{"line":284,"column":0},"end":{"line":284,"column":48}},"140":{"start":{"line":285,"column":0},"end":{"line":285,"column":47}},"141":{"start":{"line":286,"column":0},"end":{"line":286,"column":43}},"142":{"start":{"line":287,"column":0},"end":{"line":287,"column":44}},"143":{"start":{"line":288,"column":0},"end":{"line":288,"column":60}},"144":{"start":{"line":293,"column":25},"end":{"line":293,"column":30}},"145":{"start":{"line":296,"column":23},"end":{"line":296,"column":74}},"146":{"start":{"line":297,"column":2},"end":{"line":363,"column":3}},"147":{"start":{"line":298,"column":19},"end":{"line":298,"column":21}},"148":{"start":{"line":299,"column":4},"end":{"line":316,"column":5}},"149":{"start":{"line":300,"column":6},"end":{"line":315,"column":7}},"150":{"start":{"line":301,"column":27},"end":{"line":301,"column":87}},"151":{"start":{"line":302,"column":8},"end":{"line":302,"column":42}},"152":{"start":{"line":304,"column":8},"end":{"line":304,"column":87}},"153":{"start":{"line":305,"column":8},"end":{"line":313,"column":9}},"154":{"start":{"line":306,"column":10},"end":{"line":306,"column":74}},"155":{"start":{"line":308,"column":10},"end":{"line":312,"column":13}},"156":{"start":{"line":314,"column":8},"end":{"line":314,"column":22}},"157":{"start":{"line":317,"column":4},"end":{"line":317,"column":45}},"158":{"start":{"line":317,"column":25},"end":{"line":317,"column":45}},"159":{"start":{"line":319,"column":23},"end":{"line":319,"column":74}},"160":{"start":{"line":320,"column":20},"end":{"line":320,"column":42}},"161":{"start":{"line":323,"column":24},"end":{"line":333,"column":5}},"162":{"start":{"line":335,"column":4},"end":{"line":343,"column":5}},"163":{"start":{"line":336,"column":18},"end":{"line":336,"column":49}},"164":{"start":{"line":338,"column":6},"end":{"line":338,"column":109}},"165":{"start":{"line":338,"column":32},"end":{"line":338,"column":107}},"166":{"start":{"line":338,"column":52},"end":{"line":338,"column":106}},"167":{"start":{"line":340,"column":6},"end":{"line":340,"column":115}},"168":{"start":{"line":340,"column":32},"end":{"line":340,"column":113}},"169":{"start":{"line":340,"column":52},"end":{"line":340,"column":112}},"170":{"start":{"line":341,"column":6},"end":{"line":341,"column":83}},"171":{"start":{"line":342,"column":6},"end":{"line":342,"column":40}},"172":{"start":{"line":346,"column":22},"end":{"line":346,"column":84}},"173":{"start":{"line":347,"column":19},"end":{"line":347,"column":53}},"174":{"start":{"line":348,"column":4},"end":{"line":348,"column":121}},"175":{"start":{"line":348,"column":36},"end":{"line":348,"column":119}},"176":{"start":{"line":348,"column":56},"end":{"line":348,"column":118}},"177":{"start":{"line":349,"column":4},"end":{"line":349,"column":98}},"178":{"start":{"line":350,"column":4},"end":{"line":350,"column":44}},"179":{"start":{"line":352,"column":20},"end":{"line":352,"column":41}},"180":{"start":{"line":353,"column":4},"end":{"line":353,"column":74}},"181":{"start":{"line":354,"column":4},"end":{"line":354,"column":41}},"182":{"start":{"line":355,"column":4},"end":{"line":355,"column":56}},"183":{"start":{"line":357,"column":4},"end":{"line":361,"column":7}},"184":{"start":{"line":362,"column":4},"end":{"line":362,"column":59}},"185":{"start":{"line":370,"column":29},"end":{"line":370,"column":31}},"186":{"start":{"line":372,"column":28},"end":{"line":372,"column":37}},"187":{"start":{"line":374,"column":27},"end":{"line":374,"column":36}},"188":{"start":{"line":375,"column":26},"end":{"line":375,"column":30}},"189":{"start":{"line":379,"column":15},"end":{"line":379,"column":48}},"190":{"start":{"line":380,"column":2},"end":{"line":380,"column":31}},"191":{"start":{"line":380,"column":12},"end":{"line":380,"column":31}},"192":{"start":{"line":382,"column":16},"end":{"line":390,"column":23}},"193":{"start":{"line":383,"column":4},"end":{"line":383,"column":41}},"194":{"start":{"line":384,"column":4},"end":{"line":384,"column":30}},"195":{"start":{"line":384,"column":23},"end":{"line":384,"column":30}},"196":{"start":{"line":385,"column":18},"end":{"line":385,"column":50}},"197":{"start":{"line":386,"column":4},"end":{"line":389,"column":5}},"198":{"start":{"line":387,"column":6},"end":{"line":387,"column":71}},"199":{"start":{"line":388,"column":6},"end":{"line":388,"column":79}},"200":{"start":{"line":392,"column":2},"end":{"line":392,"column":43}},"201":{"start":{"line":396,"column":16},"end":{"line":396,"column":36}},"202":{"start":{"line":397,"column":20},"end":{"line":397,"column":53}},"203":{"start":{"line":398,"column":2},"end":{"line":398,"column":25}},"204":{"start":{"line":398,"column":18},"end":{"line":398,"column":25}},"205":{"start":{"line":400,"column":2},"end":{"line":400,"column":63}},"206":{"start":{"line":402,"column":2},"end":{"line":514,"column":3}},"207":{"start":{"line":404,"column":6},"end":{"line":404,"column":68}},"208":{"start":{"line":405,"column":6},"end":{"line":405,"column":12}},"209":{"start":{"line":408,"column":6},"end":{"line":408,"column":34}},"210":{"start":{"line":409,"column":6},"end":{"line":409,"column":12}},"211":{"start":{"line":413,"column":18},"end":{"line":413,"column":51}},"212":{"start":{"line":413,"column":53},"end":{"line":413,"column":76}},"213":{"start":{"line":413,"column":60},"end":{"line":413,"column":76}},"214":{"start":{"line":413,"column":77},"end":{"line":413,"column":114}},"215":{"start":{"line":414,"column":6},"end":{"line":414,"column":44}},"216":{"start":{"line":415,"column":6},"end":{"line":429,"column":7}},"217":{"start":{"line":416,"column":22},"end":{"line":416,"column":54}},"218":{"start":{"line":417,"column":8},"end":{"line":428,"column":9}},"219":{"start":{"line":418,"column":10},"end":{"line":418,"column":86}},"220":{"start":{"line":421,"column":10},"end":{"line":421,"column":96}},"221":{"start":{"line":422,"column":10},"end":{"line":422,"column":56}},"222":{"start":{"line":424,"column":10},"end":{"line":427,"column":18}},"223":{"start":{"line":425,"column":29},"end":{"line":425,"column":61}},"224":{"start":{"line":426,"column":12},"end":{"line":426,"column":94}},"225":{"start":{"line":426,"column":26},"end":{"line":426,"column":94}},"226":{"start":{"line":430,"column":6},"end":{"line":430,"column":12}},"227":{"start":{"line":435,"column":18},"end":{"line":435,"column":51}},"228":{"start":{"line":435,"column":53},"end":{"line":435,"column":76}},"229":{"start":{"line":435,"column":60},"end":{"line":435,"column":76}},"230":{"start":{"line":435,"column":77},"end":{"line":435,"column":114}},"231":{"start":{"line":436,"column":6},"end":{"line":436,"column":44}},"232":{"start":{"line":437,"column":6},"end":{"line":444,"column":7}},"233":{"start":{"line":438,"column":22},"end":{"line":438,"column":54}},"234":{"start":{"line":439,"column":8},"end":{"line":443,"column":9}},"235":{"start":{"line":440,"column":10},"end":{"line":440,"column":83}},"236":{"start":{"line":442,"column":10},"end":{"line":442,"column":56}},"237":{"start":{"line":445,"column":6},"end":{"line":445,"column":12}},"238":{"start":{"line":449,"column":19},"end":{"line":449,"column":52}},"239":{"start":{"line":450,"column":6},"end":{"line":450,"column":35}},"240":{"start":{"line":450,"column":16},"end":{"line":450,"column":35}},"241":{"start":{"line":451,"column":6},"end":{"line":451,"column":43}},"242":{"start":{"line":453,"column":6},"end":{"line":459,"column":7}},"243":{"start":{"line":454,"column":8},"end":{"line":454,"column":49}},"244":{"start":{"line":455,"column":8},"end":{"line":455,"column":69}},"245":{"start":{"line":456,"column":13},"end":{"line":459,"column":7}},"246":{"start":{"line":457,"column":22},"end":{"line":457,"column":54}},"247":{"start":{"line":458,"column":8},"end":{"line":458,"column":95}},"248":{"start":{"line":458,"column":19},"end":{"line":458,"column":95}},"249":{"start":{"line":460,"column":6},"end":{"line":460,"column":12}},"250":{"start":{"line":464,"column":6},"end":{"line":467,"column":7}},"251":{"start":{"line":465,"column":22},"end":{"line":465,"column":54}},"252":{"start":{"line":466,"column":8},"end":{"line":466,"column":95}},"253":{"start":{"line":466,"column":19},"end":{"line":466,"column":95}},"254":{"start":{"line":468,"column":6},"end":{"line":468,"column":34}},"255":{"start":{"line":469,"column":6},"end":{"line":469,"column":12}},"256":{"start":{"line":476,"column":18},"end":{"line":476,"column":51}},"257":{"start":{"line":476,"column":53},"end":{"line":476,"column":76}},"258":{"start":{"line":476,"column":60},"end":{"line":476,"column":76}},"259":{"start":{"line":476,"column":77},"end":{"line":476,"column":114}},"260":{"start":{"line":477,"column":6},"end":{"line":480,"column":7}},"261":{"start":{"line":478,"column":22},"end":{"line":478,"column":54}},"262":{"start":{"line":479,"column":8},"end":{"line":479,"column":92}},"263":{"start":{"line":479,"column":19},"end":{"line":479,"column":92}},"264":{"start":{"line":481,"column":6},"end":{"line":481,"column":12}},"265":{"start":{"line":484,"column":20},"end":{"line":484,"column":61}},"266":{"start":{"line":485,"column":6},"end":{"line":485,"column":97}},"267":{"start":{"line":485,"column":17},"end":{"line":485,"column":97}},"268":{"start":{"line":486,"column":6},"end":{"line":486,"column":12}},"269":{"start":{"line":490,"column":20},"end":{"line":490,"column":61}},"270":{"start":{"line":491,"column":6},"end":{"line":491,"column":41}},"271":{"start":{"line":491,"column":17},"end":{"line":491,"column":41}},"272":{"start":{"line":492,"column":6},"end":{"line":492,"column":12}},"273":{"start":{"line":497,"column":6},"end":{"line":501,"column":7}},"274":{"start":{"line":498,"column":22},"end":{"line":498,"column":54}},"275":{"start":{"line":499,"column":8},"end":{"line":500,"column":68}},"276":{"start":{"line":499,"column":19},"end":{"line":499,"column":102}},"277":{"start":{"line":500,"column":13},"end":{"line":500,"column":68}},"278":{"start":{"line":502,"column":6},"end":{"line":502,"column":12}},"279":{"start":{"line":509,"column":6},"end":{"line":509,"column":74}},"280":{"start":{"line":510,"column":6},"end":{"line":510,"column":12}},"281":{"start":{"line":513,"column":6},"end":{"line":513,"column":83}},"282":{"start":{"line":518,"column":15},"end":{"line":518,"column":30}},"283":{"start":{"line":520,"column":17},"end":{"line":543,"column":4}},"284":{"start":{"line":521,"column":4},"end":{"line":523,"column":5}},"285":{"start":{"line":522,"column":6},"end":{"line":522,"column":25}},"286":{"start":{"line":522,"column":26},"end":{"line":522,"column":36}},"287":{"start":{"line":522,"column":37},"end":{"line":522,"column":44}},"288":{"start":{"line":525,"column":15},"end":{"line":525,"column":17}},"289":{"start":{"line":526,"column":4},"end":{"line":526,"column":48}},"290":{"start":{"line":526,"column":30},"end":{"line":526,"column":44}},"291":{"start":{"line":527,"column":4},"end":{"line":542,"column":7}},"292":{"start":{"line":528,"column":6},"end":{"line":528,"column":65}},"293":{"start":{"line":529,"column":6},"end":{"line":529,"column":44}},"294":{"start":{"line":531,"column":6},"end":{"line":541,"column":7}},"295":{"start":{"line":532,"column":21},"end":{"line":532,"column":37}},"296":{"start":{"line":533,"column":8},"end":{"line":533,"column":31}},"297":{"start":{"line":535,"column":8},"end":{"line":539,"column":11}},"298":{"start":{"line":540,"column":8},"end":{"line":540,"column":53}},"299":{"start":{"line":545,"column":2},"end":{"line":545,"column":75}},"300":{"start":{"line":545,"column":28},"end":{"line":545,"column":73}},"301":{"start":{"line":546,"column":2},"end":{"line":548,"column":5}},"302":{"start":{"line":547,"column":4},"end":{"line":547,"column":78}},"303":{"start":{"line":554,"column":2},"end":{"line":554,"column":68}},"304":{"start":{"line":558,"column":2},"end":{"line":558,"column":28}},"305":{"start":{"line":558,"column":21},"end":{"line":558,"column":28}},"306":{"start":{"line":559,"column":20},"end":{"line":559,"column":43}},"307":{"start":{"line":560,"column":14},"end":{"line":560,"column":37}},"308":{"start":{"line":561,"column":2},"end":{"line":561,"column":66}},"309":{"start":{"line":561,"column":27},"end":{"line":561,"column":66}},"310":{"start":{"line":563,"column":17},"end":{"line":563,"column":44}},"311":{"start":{"line":564,"column":16},"end":{"line":567,"column":3}},"312":{"start":{"line":568,"column":2},"end":{"line":568,"column":71}},"313":{"start":{"line":572,"column":2},"end":{"line":572,"column":28}},"314":{"start":{"line":572,"column":21},"end":{"line":572,"column":28}},"315":{"start":{"line":573,"column":20},"end":{"line":573,"column":43}},"316":{"start":{"line":575,"column":2},"end":{"line":578,"column":3}},"317":{"start":{"line":576,"column":4},"end":{"line":576,"column":52}},"318":{"start":{"line":577,"column":4},"end":{"line":577,"column":11}},"319":{"start":{"line":580,"column":2},"end":{"line":630,"column":3}},"320":{"start":{"line":581,"column":16},"end":{"line":581,"column":51}},"321":{"start":{"line":582,"column":18},"end":{"line":582,"column":33}},"322":{"start":{"line":583,"column":24},"end":{"line":583,"column":42}},"323":{"start":{"line":584,"column":22},"end":{"line":584,"column":49}},"324":{"start":{"line":586,"column":25},"end":{"line":586,"column":26}},"325":{"start":{"line":587,"column":4},"end":{"line":620,"column":5}},"326":{"start":{"line":588,"column":18},"end":{"line":588,"column":41}},"327":{"start":{"line":590,"column":20},"end":{"line":590,"column":25}},"328":{"start":{"line":591,"column":6},"end":{"line":598,"column":7}},"329":{"start":{"line":592,"column":8},"end":{"line":597,"column":9}},"330":{"start":{"line":593,"column":10},"end":{"line":593,"column":31}},"331":{"start":{"line":594,"column":10},"end":{"line":594,"column":25}},"332":{"start":{"line":596,"column":10},"end":{"line":596,"column":26}},"333":{"start":{"line":600,"column":6},"end":{"line":619,"column":7}},"334":{"start":{"line":601,"column":8},"end":{"line":601,"column":39}},"335":{"start":{"line":602,"column":8},"end":{"line":602,"column":48}},"336":{"start":{"line":604,"column":8},"end":{"line":613,"column":22}},"337":{"start":{"line":615,"column":8},"end":{"line":615,"column":25}},"338":{"start":{"line":616,"column":8},"end":{"line":616,"column":143}},"339":{"start":{"line":618,"column":8},"end":{"line":618,"column":74}},"340":{"start":{"line":622,"column":4},"end":{"line":622,"column":87}},"341":{"start":{"line":624,"column":4},"end":{"line":628,"column":7}},"342":{"start":{"line":629,"column":4},"end":{"line":629,"column":76}},"343":{"start":{"line":633,"column":20},"end":{"line":633,"column":79}},"344":{"start":{"line":634,"column":2},"end":{"line":657,"column":3}},"345":{"start":{"line":635,"column":4},"end":{"line":656,"column":5}},"346":{"start":{"line":636,"column":6},"end":{"line":636,"column":72}},"347":{"start":{"line":637,"column":20},"end":{"line":637,"column":67}},"348":{"start":{"line":638,"column":6},"end":{"line":644,"column":7}},"349":{"start":{"line":639,"column":8},"end":{"line":639,"column":35}},"350":{"start":{"line":639,"column":26},"end":{"line":639,"column":35}},"351":{"start":{"line":640,"column":8},"end":{"line":643,"column":23}},"352":{"start":{"line":641,"column":23},"end":{"line":641,"column":39}},"353":{"start":{"line":642,"column":10},"end":{"line":642,"column":33}},"354":{"start":{"line":647,"column":6},"end":{"line":647,"column":38}},"355":{"start":{"line":648,"column":6},"end":{"line":648,"column":75}},"356":{"start":{"line":650,"column":6},"end":{"line":654,"column":9}},"357":{"start":{"line":655,"column":6},"end":{"line":655,"column":70}},"358":{"start":{"line":664,"column":20},"end":{"line":664,"column":29}},"359":{"start":{"line":667,"column":19},"end":{"line":667,"column":23}},"360":{"start":{"line":668,"column":19},"end":{"line":668,"column":24}},"361":{"start":{"line":669,"column":19},"end":{"line":669,"column":20}},"362":{"start":{"line":670,"column":20},"end":{"line":670,"column":29}},"363":{"start":{"line":672,"column":2},"end":{"line":702,"column":15}},"364":{"start":{"line":673,"column":4},"end":{"line":673,"column":30}},"365":{"start":{"line":673,"column":23},"end":{"line":673,"column":30}},"366":{"start":{"line":674,"column":4},"end":{"line":701,"column":5}},"367":{"start":{"line":676,"column":6},"end":{"line":679,"column":7}},"368":{"start":{"line":677,"column":8},"end":{"line":677,"column":35}},"369":{"start":{"line":678,"column":8},"end":{"line":678,"column":17}},"370":{"start":{"line":681,"column":18},"end":{"line":681,"column":43}},"371":{"start":{"line":682,"column":6},"end":{"line":682,"column":25}},"372":{"start":{"line":682,"column":16},"end":{"line":682,"column":25}},"373":{"start":{"line":684,"column":18},"end":{"line":684,"column":23}},"374":{"start":{"line":685,"column":6},"end":{"line":685,"column":63}},"375":{"start":{"line":685,"column":12},"end":{"line":685,"column":33}},"376":{"start":{"line":685,"column":34},"end":{"line":685,"column":47}},"377":{"start":{"line":687,"column":6},"end":{"line":700,"column":7}},"378":{"start":{"line":688,"column":8},"end":{"line":688,"column":35}},"379":{"start":{"line":690,"column":18},"end":{"line":690,"column":52}},"380":{"start":{"line":691,"column":8},"end":{"line":691,"column":35}},"381":{"start":{"line":692,"column":8},"end":{"line":699,"column":9}},"382":{"start":{"line":693,"column":10},"end":{"line":693,"column":86}},"383":{"start":{"line":695,"column":10},"end":{"line":695,"column":80}},"384":{"start":{"line":696,"column":10},"end":{"line":696,"column":37}},"385":{"start":{"line":697,"column":10},"end":{"line":697,"column":39}},"386":{"start":{"line":698,"column":10},"end":{"line":698,"column":45}},"387":{"start":{"line":707,"column":2},"end":{"line":711,"column":3}},"388":{"start":{"line":708,"column":4},"end":{"line":708,"column":114}},"389":{"start":{"line":709,"column":4},"end":{"line":709,"column":69}},"390":{"start":{"line":710,"column":4},"end":{"line":710,"column":11}},"391":{"start":{"line":712,"column":22},"end":{"line":712,"column":56}},"392":{"start":{"line":713,"column":2},"end":{"line":713,"column":153}},"393":{"start":{"line":714,"column":2},"end":{"line":714,"column":198}},"394":{"start":{"line":716,"column":2},"end":{"line":719,"column":3}},"395":{"start":{"line":717,"column":4},"end":{"line":717,"column":36}},"396":{"start":{"line":718,"column":4},"end":{"line":718,"column":11}},"397":{"start":{"line":720,"column":16},"end":{"line":720,"column":203}},"398":{"start":{"line":721,"column":23},"end":{"line":721,"column":47}},"399":{"start":{"line":722,"column":2},"end":{"line":731,"column":5}},"400":{"start":{"line":723,"column":4},"end":{"line":723,"column":31}},"401":{"start":{"line":723,"column":24},"end":{"line":723,"column":31}},"402":{"start":{"line":724,"column":20},"end":{"line":724,"column":110}},"403":{"start":{"line":724,"column":55},"end":{"line":724,"column":77}},"404":{"start":{"line":724,"column":91},"end":{"line":724,"column":109}},"405":{"start":{"line":725,"column":27},"end":{"line":725,"column":56}},"406":{"start":{"line":726,"column":19},"end":{"line":726,"column":60}},"407":{"start":{"line":726,"column":37},"end":{"line":726,"column":59}},"408":{"start":{"line":727,"column":4},"end":{"line":730,"column":5}},"409":{"start":{"line":728,"column":6},"end":{"line":728,"column":41}},"410":{"start":{"line":729,"column":6},"end":{"line":729,"column":93}},"411":{"start":{"line":736,"column":2},"end":{"line":736,"column":40}},"412":{"start":{"line":739,"column":16},"end":{"line":739,"column":49}},"413":{"start":{"line":740,"column":2},"end":{"line":743,"column":3}},"414":{"start":{"line":741,"column":4},"end":{"line":741,"column":24}},"415":{"start":{"line":742,"column":4},"end":{"line":742,"column":41}},"416":{"start":{"line":746,"column":2},"end":{"line":746,"column":32}},"417":{"start":{"line":752,"column":2},"end":{"line":752,"column":71}},"418":{"start":{"line":756,"column":2},"end":{"line":756,"column":35}},"419":{"start":{"line":758,"column":2},"end":{"line":758,"column":28}},"420":{"start":{"line":758,"column":21},"end":{"line":758,"column":28}},"421":{"start":{"line":759,"column":16},"end":{"line":759,"column":48}},"422":{"start":{"line":760,"column":2},"end":{"line":774,"column":3}},"423":{"start":{"line":761,"column":4},"end":{"line":761,"column":76}},"424":{"start":{"line":763,"column":4},"end":{"line":770,"column":5}},"425":{"start":{"line":764,"column":6},"end":{"line":769,"column":21}},"426":{"start":{"line":765,"column":8},"end":{"line":768,"column":19}},"427":{"start":{"line":771,"column":4},"end":{"line":771,"column":40}},"428":{"start":{"line":773,"column":4},"end":{"line":773,"column":77}},"429":{"start":{"line":779,"column":0},"end":{"line":898,"column":3}},"430":{"start":{"line":780,"column":2},"end":{"line":780,"column":39}},"431":{"start":{"line":783,"column":2},"end":{"line":783,"column":36}},"432":{"start":{"line":784,"column":2},"end":{"line":784,"column":23}},"433":{"start":{"line":787,"column":2},"end":{"line":787,"column":20}},"434":{"start":{"line":788,"column":2},"end":{"line":788,"column":21}},"435":{"start":{"line":789,"column":2},"end":{"line":789,"column":25}},"436":{"start":{"line":792,"column":2},"end":{"line":792,"column":28}},"437":{"start":{"line":795,"column":29},"end":{"line":795,"column":34}},"438":{"start":{"line":796,"column":2},"end":{"line":804,"column":3}},"439":{"start":{"line":797,"column":26},"end":{"line":802,"column":5}},"440":{"start":{"line":803,"column":4},"end":{"line":803,"column":76}},"441":{"start":{"line":803,"column":35},"end":{"line":803,"column":74}},"442":{"start":{"line":807,"column":2},"end":{"line":807,"column":17}},"443":{"start":{"line":810,"column":2},"end":{"line":879,"column":5}},"444":{"start":{"line":811,"column":4},"end":{"line":811,"column":54}},"445":{"start":{"line":814,"column":4},"end":{"line":825,"column":7}},"446":{"start":{"line":815,"column":6},"end":{"line":818,"column":7}},"447":{"start":{"line":816,"column":8},"end":{"line":816,"column":58}},"448":{"start":{"line":817,"column":8},"end":{"line":817,"column":59}},"449":{"start":{"line":820,"column":6},"end":{"line":823,"column":7}},"450":{"start":{"line":821,"column":29},"end":{"line":821,"column":63}},"451":{"start":{"line":822,"column":8},"end":{"line":822,"column":83}},"452":{"start":{"line":824,"column":6},"end":{"line":824,"column":27}},"453":{"start":{"line":827,"column":4},"end":{"line":839,"column":7}},"454":{"start":{"line":828,"column":6},"end":{"line":832,"column":7}},"455":{"start":{"line":829,"column":8},"end":{"line":829,"column":60}},"456":{"start":{"line":831,"column":8},"end":{"line":831,"column":59}},"457":{"start":{"line":834,"column":6},"end":{"line":837,"column":7}},"458":{"start":{"line":835,"column":29},"end":{"line":835,"column":63}},"459":{"start":{"line":836,"column":8},"end":{"line":836,"column":85}},"460":{"start":{"line":838,"column":6},"end":{"line":838,"column":27}},"461":{"start":{"line":841,"column":4},"end":{"line":851,"column":7}},"462":{"start":{"line":842,"column":6},"end":{"line":845,"column":7}},"463":{"start":{"line":843,"column":8},"end":{"line":843,"column":59}},"464":{"start":{"line":844,"column":8},"end":{"line":844,"column":59}},"465":{"start":{"line":847,"column":6},"end":{"line":849,"column":7}},"466":{"start":{"line":848,"column":8},"end":{"line":848,"column":77}},"467":{"start":{"line":850,"column":6},"end":{"line":850,"column":27}},"468":{"start":{"line":853,"column":4},"end":{"line":863,"column":7}},"469":{"start":{"line":854,"column":6},"end":{"line":857,"column":7}},"470":{"start":{"line":855,"column":8},"end":{"line":855,"column":60}},"471":{"start":{"line":856,"column":8},"end":{"line":856,"column":59}},"472":{"start":{"line":859,"column":6},"end":{"line":861,"column":7}},"473":{"start":{"line":860,"column":8},"end":{"line":860,"column":99}},"474":{"start":{"line":862,"column":6},"end":{"line":862,"column":27}},"475":{"start":{"line":866,"column":22},"end":{"line":866,"column":49}},"476":{"start":{"line":867,"column":4},"end":{"line":873,"column":5}},"477":{"start":{"line":868,"column":6},"end":{"line":868,"column":84}},"478":{"start":{"line":869,"column":6},"end":{"line":871,"column":9}},"479":{"start":{"line":870,"column":8},"end":{"line":870,"column":58}},"480":{"start":{"line":872,"column":6},"end":{"line":872,"column":39}},"481":{"start":{"line":875,"column":4},"end":{"line":878,"column":5}},"482":{"start":{"line":876,"column":81},"end":{"line":876,"column":109}},"483":{"start":{"line":877,"column":6},"end":{"line":877,"column":105}},"484":{"start":{"line":882,"column":22},"end":{"line":882,"column":36}},"485":{"start":{"line":883,"column":2},"end":{"line":893,"column":20}},"486":{"start":{"line":884,"column":4},"end":{"line":884,"column":30}},"487":{"start":{"line":884,"column":23},"end":{"line":884,"column":30}},"488":{"start":{"line":885,"column":16},"end":{"line":885,"column":26}},"489":{"start":{"line":886,"column":4},"end":{"line":892,"column":5}},"490":{"start":{"line":887,"column":18},"end":{"line":887,"column":68}},"491":{"start":{"line":888,"column":6},"end":{"line":891,"column":7}},"492":{"start":{"line":889,"column":8},"end":{"line":889,"column":66}},"493":{"start":{"line":890,"column":8},"end":{"line":890,"column":43}},"494":{"start":{"line":895,"column":2},"end":{"line":897,"column":5}},"495":{"start":{"line":896,"column":4},"end":{"line":896,"column":67}},"496":{"start":{"line":896,"column":52},"end":{"line":896,"column":67}},"497":{"start":{"line":900,"column":0},"end":{"line":903,"column":3}},"498":{"start":{"line":901,"column":2},"end":{"line":901,"column":40}},"499":{"start":{"line":901,"column":20},"end":{"li
[...]
d":{"line":654,"column":7}},{"start":{},"end":{}}],"line":652},"92":{"loc":{"start":{"line":652,"column":10},"end":{"line":652,"column":53}},"type":"binary-expr","locations":[{"start":{"line":652,"column":10},"end":{"line":652,"column":39}},{"start":{"line":652,"column":43},"end":{"line":652,"column":53}}],"line":652},"93":{"loc":{"start":{"line":661,"column":2},"end":{"line":667,"column":3}},"type":"if","locations":[{"start":{"line":661,"column":2},"end":{"line":667,"column":3}},{"start":{},"end":{}}],"line":661},"94":{"loc":{"start":{"line":663,"column":4},"end":{"line":665,"column":5}},"type":"if","locations":[{"start":{"line":663,"column":4},"end":{"line":665,"column":5}},{"start":{},"end":{}}],"line":663},"95":{"loc":{"start":{"line":663,"column":8},"end":{"line":663,"column":35}},"type":"binary-expr","locations":[{"start":{"line":663,"column":8},"end":{"line":663,"column":21}},{"start":{"line":663,"column":25},"end":{"line":663,"column":35}}],"line":663},"96":{"loc":{"start":{"line":681,"column":2},"end":{"line":683,"column":3}},"type":"if","locations":[{"start":{"line":681,"column":2},"end":{"line":683,"column":3}},{"start":{},"end":{}}],"line":681},"97":{"loc":{"start":{"line":706,"column":2},"end":{"line":731,"column":3}},"type":"if","locations":[{"start":{"line":706,"column":2},"end":{"line":731,"column":3}},{"start":{"line":718,"column":9},"end":{"line":731,"column":3}}],"line":706},"98":{"loc":{"start":{"line":709,"column":6},"end":{"line":712,"column":7}},"type":"if","locations":[{"start":{"line":709,"column":6},"end":{"line":712,"column":7}},{"start":{},"end":{}}],"line":709},"99":{"loc":{"start":{"line":713,"column":6},"end":{"line":716,"column":7}},"type":"if","locations":[{"start":{"line":713,"column":6},"end":{"line":716,"column":7}},{"start":{},"end":{}}],"line":713},"100":{"loc":{"start":{"line":721,"column":6},"end":{"line":729,"column":7}},"type":"if","locations":[{"start":{"line":721,"column":6},"end":{"line":729,"column":7}},{"start":{},"end":{}}],"line":721},"101":{"loc":{"start":{"line":724,"column":8},"end":{"line":728,"column":9}},"type":"if","locations":[{"start":{"line":724,"column":8},"end":{"line":728,"column":9}},{"start":{},"end":{}}],"line":724},"102":{"loc":{"start":{"line":746,"column":2},"end":{"line":748,"column":3}},"type":"if","locations":[{"start":{"line":746,"column":2},"end":{"line":748,"column":3}},{"start":{},"end":{}}],"line":746},"103":{"loc":{"start":{"line":763,"column":26},"end":{"line":765,"column":85}},"type":"cond-expr","locations":[{"start":{"line":763,"column":53},"end":{"line":763,"column":66}},{"start":{"line":764,"column":26},"end":{"line":765,"column":85}}],"line":763},"104":{"loc":{"start":{"line":764,"column":26},"end":{"line":765,"column":85}},"type":"cond-expr","locations":[{"start":{"line":764,"column":53},"end":{"line":764,"column":66}},{"start":{"line":765,"column":26},"end":{"line":765,"column":85}}],"line":764},"105":{"loc":{"start":{"line":765,"column":26},"end":{"line":765,"column":85}},"type":"cond-expr","locations":[{"start":{"line":765,"column":55},"end":{"line":765,"column":70}},{"start":{"line":765,"column":73},"end":{"line":765,"column":85}}],"line":765},"106":{"loc":{"start":{"line":769,"column":17},"end":{"line":771,"column":57}},"type":"cond-expr","locations":[{"start":{"line":769,"column":44},"end":{"line":769,"column":48}},{"start":{"line":770,"column":17},"end":{"line":771,"column":57}}],"line":769},"107":{"loc":{"start":{"line":770,"column":17},"end":{"line":771,"column":57}},"type":"cond-expr","locations":[{"start":{"line":770,"column":44},"end":{"line":770,"column":47}},{"start":{"line":771,"column":17},"end":{"line":771,"column":57}}],"line":770},"108":{"loc":{"start":{"line":771,"column":17},"end":{"line":771,"column":57}},"type":"cond-expr","locations":[{"start":{"line":771,"column":46},"end":{"line":771,"column":50}},{"start":{"line":771,"column":53},"end":{"line":771,"column":57}}],"line":771},"109":{"loc":{"start":{"line":801,"column":6},"end":{"line":801,"column":46}},"type":"if","locations":[{"start":{"line":801,"column":6},"end":{"line":801,"column":46}},{"start":{},"end":{}}],"line":801},"110":{"loc":{"start":{"line":813,"column":10},"end":{"line":829,"column":11}},"type":"if","locations":[{"start":{"line":813,"column":10},"end":{"line":829,"column":11}},{"start":{},"end":{}}],"line":813},"111":{"loc":{"start":{"line":813,"column":14},"end":{"line":813,"column":76}},"type":"binary-expr","locations":[{"start":{"line":813,"column":14},"end":{"line":813,"column":32}},{"start":{"line":813,"column":36},"end":{"line":813,"column":76}}],"line":813},"112":{"loc":{"start":{"line":815,"column":12},"end":{"line":828,"column":13}},"type":"if","locations":[{"start":{"line":815,"column":12},"end":{"line":828,"column":13}},{"start":{"line":822,"column":19},"end":{"line":828,"column":13}}],"line":815},"113":{"loc":{"start":{"line":820,"column":16},"end":{"line":820,"column":56}},"type":"if","locations":[{"start":{"line":820,"column":16},"end":{"line":820,"column":56}},{"start":{},"end":{}}],"line":820}},"s":{"0":0,"1":0,"2":0,"3":0,"4":0,"5":0,"6":0,"7":0,"8":0,"9":0,"10":0,"11":0,"12":0,"13":0,"14":0,"15":0,"16":0,"17":0,"18":0,"19":0,"20":0,"21":0,"22":0,"23":0,"24":0,"25":0,"26":0,"27":0,"28":0,"29":0,"30":0,"31":0,"32":0,"33":0,"34":0,"35":0,"36":0,"37":0,"38":0,"39":0,"40":0,"41":0,"42":0,"43":0,"44":0,"45":0,"46":0,"47":0,"48":0,"49":0,"50":0,"51":0,"52":0,"53":0,"54":0,"55":0,"56":0,"57":0,"58":0,"59":0,"60":0,"61":0,"62":0,"63":0,"64":0,"65":0,"66":0,"67":0,"68":0,"69":0,"70":0,"71":0,"72":0,"73":0,"74":0,"75":0,"76":0,"77":0,"78":0,"79":0,"80":0,"81":0,"82":0,"83":0,"84":0,"85":0,"86":0,"87":0,"88":0,"89":0,"90":0,"91":0,"92":0,"93":0,"94":0,"95":0,"96":0,"97":0,"98":0,"99":0,"100":0,"101":0,"102":0,"103":0,"104":0,"105":0,"106":0,"107":0,"108":0,"109":0,"110":0,"111":0,"112":0,"113":0,"114":0,"115":0,"116":0,"117":0,"118":0,"119":0,"120":0,"121":0,"122":0,"123":0,"124":0,"125":0,"126":0,"127":0,"128":0,"129":0,"130":0,"131":0,"132":0,"133":0,"134":0,"135":0,"136":0,"137":0,"138":0,"139":0,"140":0,"141":0,"142":0,"143":0,"144":0,"145":0,"146":0,"147":0,"148":0,"149":0,"150":0,"151":0,"152":0,"153":0,"154":0,"155":0,"156":0,"157":0,"158":0,"159":0,"160":0,"161":0,"162":0,"163":0,"164":0,"165":0,"166":0,"167":0,"168":0,"169":0,"170":0,"171":0,"172":0,"173":0,"174":0,"175":0,"176":0,"177":0,"178":0,"179":0,"180":0,"181":0,"182":0,"183":0,"184":0,"185":0,"186":0,"187":0,"188":0,"189":0,"190":0,"191":0,"192":0,"193":0,"194":0,"195":0,"196":0,"197":0,"198":0,"199":0,"200":0,"201":0,"202":0,"203":0,"204":0,"205":0,"206":0,"207":0,"208":0,"209":0,"210":0,"211":0,"212":0,"213":0,"214":0,"215":0,"216":0,"217":0,"218":0,"219":0,"220":0,"221":0,"222":0,"223":0,"224":0,"225":0,"226":0,"227":0,"228":0,"229":0,"230":0,"231":0,"232":0,"233":0,"234":0,"235":0,"236":0,"237":0,"238":0,"239":0,"240":0,"241":0,"242":0,"243":0,"244":0,"245":0,"246":0,"247":0,"248":0,"249":0,"250":0,"251":0,"252":0,"253":0,"254":0,"255":0,"256":0,"257":0,"258":0,"259":0,"260":0,"261":0,"262":0,"263":0,"264":0,"265":0,"266":0,"267":0,"268":0,"269":0,"270":0,"271":0,"272":0,"273":0,"274":0,"275":0,"276":0,"277":0,"278":0,"279":0,"280":0,"281":0,"282":0,"283":0,"284":0,"285":0,"286":0,"287":0,"288":0,"289":0,"290":0,"291":0,"292":0,"293":0,"294":0,"295":0,"296":0,"297":0,"298":0,"299":0,"300":0,"301":0,"302":0,"303":0,"304":0,"305":0,"306":0,"307":0,"308":0,"309":0,"310":0,"311":0,"312":0,"313":0,"314":0,"315":0,"316":0,"317":0,"318":0,"319":0,"320":0,"321":0,"322":0,"323":0,"324":0,"325":0,"326":0,"327":0,"328":0,"329":0,"330":0,"331":0,"332":0,"333":0,"334":0,"335":0,"336":0,"337":0,"338":0,"339":0,"340":0,"341":0,"342":0,"343":0,"344":0,"345":0,"346":0,"347":0,"348":0,"349":0,"350":0,"351":0,"352":0,"353":0,"354":0,"355":0,"356":0,"357":0,"358":0,"359":0,"360":0,"361":0,"362":0,"363":0,"364":0,"365":0,"366":0,"367":0,"368":0,"369":0,"370":0,"371":0,"372":0,"373":0,"374":0,"375":0,"376":0,"377":0,"378":0,"379":0,"380":0,"381":0,"382":0,"383":0,"384":0,"385":0,"386":0,"387":0,"388":0,"389":0,"390":0,"391":0,"392":0,"393":0,"394":0,"395":0,"396":0,"397":0,"398":0,"399":0,"400":0,"401":0,"402":0,"403":0,"404":0,"405":0,"406":0,"407":0,"408":0,"409":0,"410":0,"411":0,"412":0,"413":0,"414":0,"415":0,"416":0,"417":0,"418":0,"419":0,"420":0,"421":0,"422":0,"423":0,"424":0,"425":0,"426":0,"427":0,"428":0,"429":0,"430":0,"431":0,"432":0,"433":0,"434":0,"435":0,"436":0,"437":0,"438":0,"439":0,"440":0,"441":0,"442":0,"443":0,"444":0,"445":0,"446":0,"447":0,"448":0,"449":0,"450":0,"451":0,"452":0,"453":0,"454":0,"455":0,"456":0,"457":0,"458":0,"459":0,"460":0,"461":0,"462":0,"463":0,"464":0,"465":0,"466":0,"467":0,"468":0,"469":0,"470":0,"471":0,"472":0,"473":0,"474":0},"f":{"0":0,"1":0,"2":0,"3":0,"4":0,"5":0,"6":0,"7":0,"8":0,"9":0,"10":0,"11":0,"12":0,"13":0,"14":0,"15":0,"16":0,"17":0,"18":0,"19":0,"20":0,"21":0,"22":0,"23":0,"24":0,"25":0,"26":0,"27":0,"28":0,"29":0,"30":0,"31":0,"32":0,"33":0,"34":0,"35":0,"36":0,"37":0,"38":0,"39":0,"40":0,"41":0,"42":0,"43":0,"44":0,"45":0,"46":0,"47":0,"48":0,"49":0},"b":{"0":[0,0],"1":[0,0],"2":[0,0],"3":[0,0],"4":[0,0],"5":[0,0],"6":[0,0],"7":[0,0],"8":[0,0],"9":[0,0],"10":[0,0],"11":[0,0],"12":[0,0],"13":[0,0],"14":[0,0],"15":[0,0],"16":[0,0],"17":[0,0],"18":[0,0],"19":[0,0],"20":[0,0],"21":[0,0],"22":[0,0],"23":[0,0],"24":[0,0],"25":[0,0],"26":[0,0],"27":[0,0],"28":[0,0],"29":[0,0],"30":[0,0],"31":[0,0],"32":[0,0],"33":[0,0],"34":[0,0],"35":[0,0],"36":[0,0],"37":[0,0],"38":[0,0],"39":[0,0],"40":[0,0],"41":[0,0],"42":[0,0],"43":[0,0,0],"44":[0,0],"45":[0,0],"46":[0,0],"47":[0,0],"48":[0,0],"49":[0,0],"50":[0,0],"51":[0,0],"52":[0,0],"53":[0,0],"54":[0,0],"55":[0,0],"56":[0,0],"57":[0,0],"58":[0,0],"59":[0,0],"60":[0,0],"61":[0,0],"62":[0,0],"63":[0,0],"64":[0,0],"65":[0,0],"66":[0,0],"67":[0,0],"68":[0,0],"69":[0,0],"70":[0,0],"71":[0,0,0,0],"72":[0,0],"73":[0,0,0],"74":[0,0],"75":[0,0],"76":[0,0],"77":[0,0],"78":[0,0],"79":[0,0],"80":[0,0],"81":[0,0],"82":[0,0],"83":[0,0],"84":[0,0],"85":[0,0],"86":[0,0],"87":[0,0],"88":[0,0],"89":[0,0,0],"90":[0,0],"91":[0,0],"92":[0,0],"93":[0,0],"94":[0,0],"95":[0,0],"96":[0,0],"97":[0,0],"98":[0,0],"99":[0,0],"100":[0,0],"101":[0,0],"102":[0,0],"103":[0,0],"104":[0,0],"105":[0,0],"106":[0,0],"107":[0,0],"108":[0,0],"109":[0,0],"110":[0,0],"111":[0,0],"112":[0,0],"113":[0,0]}}
,"E:\\projects\\pixel-agent-desk-master\\sessionend_hook.js": {"path":"E:\\projects\\pixel-agent-desk-master\\sessionend_hook.js","statementMap":{"0":{"start":{"line":1,"column":11},"end":{"line":1,"column":24}},"1":{"start":{"line":2,"column":13},"end":{"line":2,"column":28}},"2":{"start":{"line":3,"column":11},"end":{"line":3,"column":24}},"3":{"start":{"line":5,"column":17},"end":{"line":5,"column":55}},"4":{"start":{"line":7,"column":15},"end":{"line":7,"column":17}},"5":{"start":{"line":8,"column":0},"end":{"line":8,"column":46}},"6":{"start":{"line":8,"column":30},"end":{"line":8,"column":44}},"7":{"start":{"line":9,"column":0},"end":{"line":62,"column":3}},"8":{"start":{"line":10,"column":16},"end":{"line":10,"column":48}},"9":{"start":{"line":11,"column":4},"end":{"line":11,"column":102}},"10":{"start":{"line":13,"column":4},"end":{"line":60,"column":5}},"11":{"start":{"line":14,"column":21},"end":{"line":14,"column":36}},"12":{"start":{"line":16,"column":26},"end":{"line":16,"column":59}},"13":{"start":{"line":17,"column":31},"end":{"line":17,"column":74}},"14":{"start":{"line":19,"column":8},"end":{"line":22,"column":9}},"15":{"start":{"line":20,"column":12},"end":{"line":20,"column":110}},"16":{"start":{"line":21,"column":12},"end":{"line":21,"column":28}},"17":{"start":{"line":25,"column":29},"end":{"line":25,"column":71}},"18":{"start":{"line":29,"column":28},"end":{"line":29,"column":37}},"19":{"start":{"line":30,"column":8},"end":{"line":42,"column":23}},"20":{"start":{"line":31,"column":28},"end":{"line":31,"column":66}},"21":{"start":{"line":32,"column":26},"end":{"line":32,"column":67}},"22":{"start":{"line":32,"column":58},"end":{"line":32,"column":66}},"23":{"start":{"line":33,"column":12},"end":{"line":41,"column":13}},"24":{"start":{"line":33,"column":25},"end":{"line":33,"column":41}},"25":{"start":{"line":34,"column":16},"end":{"line":40,"column":31}},"26":{"start":{"line":35,"column":35},"end":{"line":35,"column":55}},"27":{"start":{"line":36,"column":20},"end":{"line":39,"column":21}},"28":{"start":{"line":37,"column":24},"end":{"line":37,"column":57}},"29":{"start":{"line":38,"column":24},"end":{"line":38,"column":30}},"30":{"start":{"line":44,"column":8},"end":{"line":44,"column":200}},"31":{"start":{"line":46,"column":21},"end":{"line":51,"column":17}},"32":{"start":{"line":53,"column":8},"end":{"line":53,"column":55}},"33":{"start":{"line":54,"column":8},"end":{"line":54,"column":116}},"34":{"start":{"line":56,"column":8},"end":{"line":56,"column":87}},"35":{"start":{"line":58,"column":8},"end":{"line":58,"column":102}},"36":{"start":{"line":59,"column":8},"end":{"line":59,"column":74}},"37":{"start":{"line":61,"column":4},"end":{"line":61,"column":20}}},"fnMap":{"0":{"name":"(anonymous_0)","decl":{"start":{"line":8,"column":25},"end":{"line":8,"column":26}},"loc":{"start":{"line":8,"column":30},"end":{"line":8,"column":44}},"line":8},"1":{"name":"(anonymous_1)","decl":{"start":{"line":9,"column":24},"end":{"line":9,"column":25}},"loc":{"start":{"line":9,"column":30},"end":{"line":62,"column":1}},"line":9},"2":{"name":"(anonymous_2)","decl":{"start":{"line":32,"column":53},"end":{"line":32,"column":54}},"loc":{"start":{"line":32,"column":58},"end":{"line":32,"column":66}},"line":32}},"branchMap":{"0":{"loc":{"start":{"line":16,"column":26},"end":{"line":16,"column":59}},"type":"binary-expr","locations":[{"start":{"line":16,"column":26},"end":{"line":16,"column":41}},{"start":{"line":16,"column":45},"end":{"line":16,"column":59}}],"line":16},"1":{"loc":{"start":{"line":17,"column":31},"end":{"line":17,"column":74}},"type":"binary-expr","locations":[{"start":{"line":17,"column":31},"end":{"line":17,"column":51}},{"start":{"line":17,"column":55},"end":{"line":17,"column":74}}],"line":17},"2":{"loc":{"start":{"line":19,"column":8},"end":{"line":22,"column":9}},"type":"if","locations":[{"start":{"line":19,"column":8},"end":{"line":22,"column":9}},{"start":{},"end":{}}],"line":19},"3":{"loc":{"start":{"line":36,"column":20},"end":{"line":39,"column":21}},"type":"if","locations":[{"start":{"line":36,"column":20},"end":{"line":39,"column":21}},{"start":{},"end":{}}],"line":36}},"s":{"0":0,"1":0,"2":0,"3":0,"4":0,"5":0,"6":0,"7":0,"8":0,"9":0,"10":0,"11":0,"12":0,"13":0,"14":0,"15":0,"16":0,"17":0,"18":0,"19":0,"20":0,"21":0,"22":0,"23":0,"24":0,"25":0,"26":0,"27":0,"28":0,"29":0,"30":0,"31":0,"32":0,"33":0,"34":0,"35":0,"36":0,"37":0},"f":{"0":0,"1":0,"2":0},"b":{"0":[0,0],"1":[0,0],"2":[0,0],"3":[0,0]}}
,"E:\\projects\\pixel-agent-desk-master\\utils.js": {"path":"E:\\projects\\pixel-agent-desk-master\\utils.js","statementMap":{"0":{"start":{"line":12,"column":2},"end":{"line":12,"column":28}},"1":{"start":{"line":12,"column":13},"end":{"line":12,"column":28}},"2":{"start":{"line":13,"column":2},"end":{"line":13,"column":84}},"3":{"start":{"line":13,"column":34},"end":{"line":13,"column":72}},"4":{"start":{"line":22,"column":18},"end":{"line":29,"column":3}},"5":{"start":{"line":30,"column":2},"end":{"line":30,"column":41}},"6":{"start":{"line":39,"column":2},"end":{"line":43,"column":3}},"7":{"start":{"line":40,"column":4},"end":{"line":40,"column":35}},"8":{"start":{"line":41,"column":9},"end":{"line":43,"column":3}},"9":{"start":{"line":42,"column":4},"end":{"line":42,"column":74}},"10":{"start":{"line":44,"column":2},"end":{"line":44,"column":11}},"11":{"start":{"line":53,"column":2},"end":{"line":53,"column":75}},"12":{"start":{"line":62,"column":2},"end":{"line":67,"column":3}},"13":{"start":{"line":63,"column":15},"end":{"line":63,"column":28}},"14":{"start":{"line":64,"column":4},"end":{"line":64,"column":33}},"15":{"start":{"line":66,"column":4},"end":{"line":66,"column":16}},"16":{"start":{"line":76,"column":2},"end":{"line":81,"column":3}},"17":{"start":{"line":77,"column":15},"end":{"line":77,"column":28}},"18":{"start":{"line":78,"column":4},"end":{"line":78,"column":35}},"19":{"start":{"line":80,"column":4},"end":{"line":80,"column":17}},"20":{"start":{"line":84,"column":0},"end":{"line":91,"column":2}}},"fnMap":{"0":{"name":"formatSlugToDisplayName","decl":{"start":{"line":11,"column":9},"end":{"line":11,"column":32}},"loc":{"start":{"line":11,"column":39},"end":{"line":14,"column":1}},"line":11},"1":{"name":"(anonymous_1)","decl":{"start":{"line":13,"column":29},"end":{"line":13,"column":30}},"loc":{"start":{"line":13,"column":34},"end":{"line":13,"column":72}},"line":13},"2":{"name":"getVisualClassForState","decl":{"start":{"line":21,"column":9},"end":{"line":21,"column":31}},"loc":{"start":{"line":21,"column":39},"end":{"line":31,"column":1}},"line":21},"3":{"name":"getElapsedTime","decl":{"start":{"line":38,"column":9},"end":{"line":38,"column":23}},"loc":{"start":{"line":38,"column":31},"end":{"line":45,"column":1}},"line":38},"4":{"name":"normalizePath","decl":{"start":{"line":52,"column":9},"end":{"line":52,"column":22}},"loc":{"start":{"line":52,"column":29},"end":{"line":54,"column":1}},"line":52},"5":{"name":"safeStatSync","decl":{"start":{"line":61,"column":9},"end":{"line":61,"column":21}},"loc":{"start":{"line":61,"column":32},"end":{"line":68,"column":1}},"line":61},"6":{"name":"safeExistsSync","decl":{"start":{"line":75,"column":9},"end":{"line":75,"column":23}},"loc":{"start":{"line":75,"column":34},"end":{"line":82,"column":1}},"line":75}},"branchMap":{"0":{"loc":{"start":{"line":12,"column":2},"end":{"line":12,"column":28}},"type":"if","locations":[{"start":{"line":12,"column":2},"end":{"line":12,"column":28}},{"start":{},"end":{}}],"line":12},"1":{"loc":{"start":{"line":30,"column":9},"end":{"line":30,"column":40}},"type":"binary-expr","locations":[{"start":{"line":30,"column":9},"end":{"line":30,"column":23}},{"start":{"line":30,"column":27},"end":{"line":30,"column":40}}],"line":30},"2":{"loc":{"start":{"line":39,"column":2},"end":{"line":43,"column":3}},"type":"if","locations":[{"start":{"line":39,"column":2},"end":{"line":43,"column":3}},{"start":{"line":41,"column":9},"end":{"line":43,"column":3}}],"line":39},"3":{"loc":{"start":{"line":40,"column":11},"end":{"line":40,"column":34}},"type":"binary-expr","locations":[{"start":{"line":40,"column":11},"end":{"line":40,"column":29}},{"start":{"line":40,"column":33},"end":{"line":40,"column":34}}],"line":40},"4":{"loc":{"start":{"line":41,"column":9},"end":{"line":43,"column":3}},"type":"if","locations":[{"start":{"line":41,"column":9},"end":{"line":43,"column":3}},{"start":{},"end":{}}],"line":41},"5":{"loc":{"start":{"line":41,"column":13},"end":{"line":41,"column":68}},"type":"binary-expr","locations":[{"start":{"line":41,"column":13},"end":{"line":41,"column":38}},{"start":{"line":41,"column":42},"end":{"line":41,"column":68}}],"line":41},"6":{"loc":{"start":{"line":42,"column":11},"end":{"line":42,"column":73}},"type":"cond-expr","locations":[{"start":{"line":42,"column":35},"end":{"line":42,"column":69}},{"start":{"line":42,"column":72},"end":{"line":42,"column":73}}],"line":42},"7":{"loc":{"start":{"line":53,"column":10},"end":{"line":53,"column":20}},"type":"binary-expr","locations":[{"start":{"line":53,"column":10},"end":{"line":53,"column":14}},{"start":{"line":53,"column":18},"end":{"line":53,"column":20}}],"line":53}},"s":{"0":12,"1":3,"2":9,"3":19,"4":8,"5":8,"6":6,"7":2,"8":4,"9":3,"10":1,"11":9,"12":4,"13":4,"14":4,"15":3,"16":4,"17":4,"18":4,"19":2,"20":2},"f":{"0":12,"1":19,"2":8,"3":6,"4":9,"5":4,"6":4},"b":{"0":[3,9],"1":[8,2],"2":[2,4],"3":[2,1],"4":[3,1],"5":[4,2],"6":[2,1],"7":[9,3]},"_coverageSchema":"1a1c01bbd47fc00a2c39e90264f33305004495a9","hash":"41e32363d99232c4423eecd9b6a5886fb6f3023a"}
}
